{"C:\\Users\\giaco\\workspace\\enlasync\\manifest.config.js": {"path":"C:\\Users\\giaco\\workspace\\enlasync\\manifest.config.js","all":true,"statementMap":{"0":{"start":{"line":1,"column":0},"end":{"line":1,"column":51}},"1":{"start":{"line":2,"column":0},"end":{"line":2,"column":32}},"2":{"start":{"line":3,"column":0},"end":{"line":3,"column":0}},"3":{"start":{"line":4,"column":0},"end":{"line":4,"column":31}},"4":{"start":{"line":5,"column":0},"end":{"line":5,"column":22}},"5":{"start":{"line":6,"column":0},"end":{"line":6,"column":17}},"6":{"start":{"line":7,"column":0},"end":{"line":7,"column":23}},"7":{"start":{"line":8,"column":0},"end":{"line":8,"column":10}},"8":{"start":{"line":9,"column":0},"end":{"line":9,"column":26}},"9":{"start":{"line":10,"column":0},"end":{"line":10,"column":4}},"10":{"start":{"line":11,"column":0},"end":{"line":11,"column":16}},"11":{"start":{"line":12,"column":0},"end":{"line":12,"column":16}},"12":{"start":{"line":13,"column":0},"end":{"line":13,"column":14}},"13":{"start":{"line":14,"column":0},"end":{"line":14,"column":16}},"14":{"start":{"line":15,"column":0},"end":{"line":15,"column":4}},"15":{"start":{"line":16,"column":0},"end":{"line":16,"column":21}},"16":{"start":{"line":17,"column":0},"end":{"line":17,"column":30}},"17":{"start":{"line":18,"column":0},"end":{"line":18,"column":4}},"18":{"start":{"line":19,"column":0},"end":{"line":19,"column":11}},"19":{"start":{"line":20,"column":0},"end":{"line":20,"column":19}},"20":{"start":{"line":21,"column":0},"end":{"line":21,"column":28}},"21":{"start":{"line":22,"column":0},"end":{"line":22,"column":6}},"22":{"start":{"line":23,"column":0},"end":{"line":23,"column":42}},"23":{"start":{"line":24,"column":0},"end":{"line":24,"column":4}},"24":{"start":{"line":25,"column":0},"end":{"line":25,"column":15}},"25":{"start":{"line":26,"column":0},"end":{"line":26,"column":55}},"26":{"start":{"line":27,"column":0},"end":{"line":27,"column":4}},"27":{"start":{"line":28,"column":0},"end":{"line":28,"column":2}}},"s":{"0":0,"1":0,"2":0,"3":0,"4":0,"5":0,"6":0,"7":0,"8":0,"9":0,"10":0,"11":0,"12":0,"13":0,"14":0,"15":0,"16":0,"17":0,"18":0,"19":0,"20":0,"21":0,"22":0,"23":0,"24":0,"25":0,"26":0,"27":0},"branchMap":{"0":{"type":"branch","line":1,"loc":{"start":{"line":1,"column":577},"end":{"line":28,"column":2}},"locations":[{"start":{"line":1,"column":577},"end":{"line":28,"column":2}}]}},"b":{"0":[0]},"fnMap":{"0":{"name":"(empty-report)","decl":{"start":{"line":1,"column":577},"end":{"line":28,"column":2}},"loc":{"start":{"line":1,"column":577},"end":{"line":28,"column":2}},"line":1}},"f":{"0":0}}
,"C:\\Users\\giaco\\workspace\\enlasync\\src\\background\\bookmarks.js": {"path":"C:\\Users\\giaco\\workspace\\enlasync\\src\\background\\bookmarks.js","all":false,"statementMap":{"0":{"start":{"line":1,"column":0},"end":{"line":1,"column":43}},"1":{"start":{"line":2,"column":0},"end":{"line":2,"column":0}},"2":{"start":{"line":3,"column":0},"end":{"line":3,"column":46}},"3":{"start":{"line":4,"column":0},"end":{"line":4,"column":24}},"4":{"start":{"line":5,"column":0},"end":{"line":5,"column":0}},"5":{"start":{"line":6,"column":0},"end":{"line":6,"column":16}},"6":{"start":{"line":7,"column":0},"end":{"line":7,"column":56}},"7":{"start":{"line":8,"column":0},"end":{"line":8,"column":0}},"8":{"start":{"line":9,"column":0},"end":{"line":9,"column":60}},"9":{"start":{"line":10,"column":0},"end":{"line":10,"column":0}},"10":{"start":{"line":11,"column":0},"end":{"line":11,"column":62}},"11":{"start":{"line":12,"column":0},"end":{"line":12,"column":0}},"12":{"start":{"line":13,"column":0},"end":{"line":13,"column":53}},"13":{"start":{"line":14,"column":0},"end":{"line":14,"column":23}},"14":{"start":{"line":15,"column":0},"end":{"line":15,"column":5}},"15":{"start":{"line":16,"column":0},"end":{"line":16,"column":0}},"16":{"start":{"line":17,"column":0},"end":{"line":17,"column":29}},"17":{"start":{"line":18,"column":0},"end":{"line":18,"column":3}},"18":{"start":{"line":19,"column":0},"end":{"line":19,"column":1}},"19":{"start":{"line":20,"column":0},"end":{"line":20,"column":0}},"20":{"start":{"line":21,"column":0},"end":{"line":21,"column":45}},"21":{"start":{"line":22,"column":0},"end":{"line":22,"column":58}},"22":{"start":{"line":23,"column":0},"end":{"line":23,"column":28}},"23":{"start":{"line":24,"column":0},"end":{"line":24,"column":1}},"24":{"start":{"line":25,"column":0},"end":{"line":25,"column":0}},"25":{"start":{"line":26,"column":0},"end":{"line":26,"column":30}},"26":{"start":{"line":27,"column":0},"end":{"line":27,"column":38}},"27":{"start":{"line":28,"column":0},"end":{"line":28,"column":17}},"28":{"start":{"line":29,"column":0},"end":{"line":29,"column":25}},"29":{"start":{"line":30,"column":0},"end":{"line":30,"column":3}},"30":{"start":{"line":31,"column":0},"end":{"line":31,"column":22}},"31":{"start":{"line":32,"column":0},"end":{"line":32,"column":54}},"32":{"start":{"line":33,"column":0},"end":{"line":33,"column":3}},"33":{"start":{"line":34,"column":0},"end":{"line":34,"column":15}},"34":{"start":{"line":35,"column":0},"end":{"line":35,"column":1}},"35":{"start":{"line":36,"column":0},"end":{"line":36,"column":0}},"36":{"start":{"line":37,"column":0},"end":{"line":37,"column":35}},"37":{"start":{"line":38,"column":0},"end":{"line":38,"column":70}},"38":{"start":{"line":39,"column":0},"end":{"line":39,"column":44}},"39":{"start":{"line":40,"column":0},"end":{"line":40,"column":27}},"40":{"start":{"line":41,"column":0},"end":{"line":41,"column":0}},"41":{"start":{"line":42,"column":0},"end":{"line":42,"column":70}},"42":{"start":{"line":43,"column":0},"end":{"line":43,"column":1}},"43":{"start":{"line":44,"column":0},"end":{"line":44,"column":0}},"44":{"start":{"line":45,"column":0},"end":{"line":45,"column":47}},"45":{"start":{"line":46,"column":0},"end":{"line":46,"column":39}},"46":{"start":{"line":47,"column":0},"end":{"line":47,"column":62}},"47":{"start":{"line":48,"column":0},"end":{"line":48,"column":70}},"48":{"start":{"line":49,"column":0},"end":{"line":49,"column":31}},"49":{"start":{"line":50,"column":0},"end":{"line":50,"column":0}},"50":{"start":{"line":51,"column":0},"end":{"line":51,"column":34}},"51":{"start":{"line":52,"column":0},"end":{"line":52,"column":22}},"52":{"start":{"line":53,"column":0},"end":{"line":53,"column":19}},"53":{"start":{"line":54,"column":0},"end":{"line":54,"column":4}},"54":{"start":{"line":55,"column":0},"end":{"line":55,"column":1}},"55":{"start":{"line":56,"column":0},"end":{"line":56,"column":0}},"56":{"start":{"line":57,"column":0},"end":{"line":57,"column":64}},"57":{"start":{"line":58,"column":0},"end":{"line":58,"column":73}},"58":{"start":{"line":59,"column":0},"end":{"line":59,"column":0}},"59":{"start":{"line":60,"column":0},"end":{"line":60,"column":40}},"60":{"start":{"line":61,"column":0},"end":{"line":61,"column":35}},"61":{"start":{"line":62,"column":0},"end":{"line":62,"column":33}},"62":{"start":{"line":63,"column":0},"end":{"line":63,"column":55}},"63":{"start":{"line":64,"column":0},"end":{"line":64,"column":69}},"64":{"start":{"line":65,"column":0},"end":{"line":65,"column":0}},"65":{"start":{"line":66,"column":0},"end":{"line":66,"column":22}},"66":{"start":{"line":67,"column":0},"end":{"line":67,"column":53}},"67":{"start":{"line":68,"column":0},"end":{"line":68,"column":32}},"68":{"start":{"line":69,"column":0},"end":{"line":69,"column":28}},"69":{"start":{"line":70,"column":0},"end":{"line":70,"column":51}},"70":{"start":{"line":71,"column":0},"end":{"line":71,"column":8}},"71":{"start":{"line":72,"column":0},"end":{"line":72,"column":43}},"72":{"start":{"line":73,"column":0},"end":{"line":73,"column":52}},"73":{"start":{"line":74,"column":0},"end":{"line":74,"column":7}},"74":{"start":{"line":75,"column":0},"end":{"line":75,"column":12}},"75":{"start":{"line":76,"column":0},"end":{"line":76,"column":46}},"76":{"start":{"line":77,"column":0},"end":{"line":77,"column":77}},"77":{"start":{"line":78,"column":0},"end":{"line":78,"column":7}},"78":{"start":{"line":79,"column":0},"end":{"line":79,"column":43}},"79":{"start":{"line":80,"column":0},"end":{"line":80,"column":55}},"80":{"start":{"line":81,"column":0},"end":{"line":81,"column":7}},"81":{"start":{"line":82,"column":0},"end":{"line":82,"column":5}},"82":{"start":{"line":83,"column":0},"end":{"line":83,"column":3}},"83":{"start":{"line":84,"column":0},"end":{"line":84,"column":0}},"84":{"start":{"line":85,"column":0},"end":{"line":85,"column":38}},"85":{"start":{"line":86,"column":0},"end":{"line":86,"column":34}},"86":{"start":{"line":87,"column":0},"end":{"line":87,"column":31}},"87":{"start":{"line":88,"column":0},"end":{"line":88,"column":55}},"88":{"start":{"line":89,"column":0},"end":{"line":89,"column":69}},"89":{"start":{"line":90,"column":0},"end":{"line":90,"column":0}},"90":{"start":{"line":91,"column":0},"end":{"line":91,"column":20}},"91":{"start":{"line":92,"column":0},"end":{"line":92,"column":23}},"92":{"start":{"line":93,"column":0},"end":{"line":93,"column":47}},"93":{"start":{"line":94,"column":0},"end":{"line":94,"column":14}},"94":{"start":{"line":95,"column":0},"end":{"line":95,"column":51}},"95":{"start":{"line":96,"column":0},"end":{"line":96,"column":7}},"96":{"start":{"line":97,"column":0},"end":{"line":97,"column":5}},"97":{"start":{"line":98,"column":0},"end":{"line":98,"column":3}},"98":{"start":{"line":99,"column":0},"end":{"line":99,"column":1}}},"s":{"0":1,"1":1,"2":1,"3":6,"4":6,"5":6,"6":12,"7":12,"8":12,"9":10,"10":10,"11":10,"12":12,"13":4,"14":4,"15":6,"16":6,"17":6,"18":6,"19":1,"20":1,"21":2,"22":2,"23":2,"24":1,"25":3,"26":3,"27":3,"28":2,"29":2,"30":3,"31":1,"32":1,"33":3,"34":3,"35":1,"36":3,"37":3,"38":3,"39":3,"40":1,"41":1,"42":1,"43":1,"44":1,"45":3,"46":3,"47":3,"48":3,"49":1,"50":1,"51":1,"52":1,"53":1,"54":1,"55":1,"56":1,"57":5,"58":5,"59":5,"60":3,"61":3,"62":3,"63":3,"64":3,"65":3,"66":2,"67":2,"68":2,"69":2,"70":2,"71":2,"72":1,"73":1,"74":3,"75":1,"76":1,"77":1,"78":1,"79":0,"80":0,"81":1,"82":3,"83":5,"84":5,"85":2,"86":2,"87":2,"88":2,"89":2,"90":2,"91":1,"92":1,"93":1,"94":0,"95":0,"96":1,"97":2,"98":5},"branchMap":{"0":{"type":"branch","line":3,"loc":{"start":{"line":3,"column":7},"end":{"line":19,"column":1}},"locations":[{"start":{"line":3,"column":7},"end":{"line":19,"column":1}}]},"1":{"type":"branch","line":6,"loc":{"start":{"line":6,"column":15},"end":{"line":18,"column":3}},"locations":[{"start":{"line":6,"column":15},"end":{"line":18,"column":3}}]},"2":{"type":"branch","line":9,"loc":{"start":{"line":9,"column":23},"end":{"line":9,"column":47}},"locations":[{"start":{"line":9,"column":23},"end":{"line":9,"column":47}}]},"3":{"type":"branch","line":9,"loc":{"start":{"line":9,"column":49},"end":{"line":9,"column":60}},"locations":[{"start":{"line":9,"column":49},"end":{"line":9,"column":60}}]},"4":{"type":"branch","line":10,"loc":{"start":{"line":10,"column":-2},"end":{"line":13,"column":36}},"locations":[{"start":{"line":10,"column":-2},"end":{"line":13,"column":36}}]},"5":{"type":"branch","line":13,"loc":{"start":{"line":13,"column":36},"end":{"line":13,"column":50}},"locations":[{"start":{"line":13,"column":36},"end":{"line":13,"column":50}}]},"6":{"type":"branch","line":13,"loc":{"start":{"line":13,"column":52},"end":{"line":15,"column":5}},"locations":[{"start":{"line":13,"column":52},"end":{"line":15,"column":5}}]},"7":{"type":"branch","line":15,"loc":{"start":{"line":15,"column":4},"end":{"line":18,"column":3}},"locations":[{"start":{"line":15,"column":4},"end":{"line":18,"column":3}}]},"8":{"type":"branch","line":21,"loc":{"start":{"line":21,"column":7},"end":{"line":24,"column":1}},"locations":[{"start":{"line":21,"column":7},"end":{"line":24,"column":1}}]},"9":{"type":"branch","line":26,"loc":{"start":{"line":26,"column":0},"end":{"line":35,"column":1}},"locations":[{"start":{"line":26,"column":0},"end":{"line":35,"column":1}}]},"10":{"type":"branch","line":28,"loc":{"start":{"line":28,"column":16},"end":{"line":30,"column":3}},"locations":[{"start":{"line":28,"column":16},"end":{"line":30,"column":3}}]},"11":{"type":"branch","line":31,"loc":{"start":{"line":31,"column":21},"end":{"line":33,"column":3}},"locations":[{"start":{"line":31,"column":21},"end":{"line":33,"column":3}}]},"12":{"type":"branch","line":37,"loc":{"start":{"line":37,"column":0},"end":{"line":43,"column":1}},"locations":[{"start":{"line":37,"column":0},"end":{"line":43,"column":1}}]},"13":{"type":"branch","line":40,"loc":{"start":{"line":40,"column":14},"end":{"line":40,"column":27}},"locations":[{"start":{"line":40,"column":14},"end":{"line":40,"column":27}}]},"14":{"type":"branch","line":41,"loc":{"start":{"line":41,"column":-2},"end":{"line":43,"column":1}},"locations":[{"start":{"line":41,"column":-2},"end":{"line":43,"column":1}}]},"15":{"type":"branch","line":39,"loc":{"start":{"line":39,"column":30},"end":{"line":39,"column":43}},"locations":[{"start":{"line":39,"column":30},"end":{"line":39,"column":43}}]},"16":{"type":"branch","line":45,"loc":{"start":{"line":45,"column":7},"end":{"line":55,"column":1}},"locations":[{"start":{"line":45,"column":7},"end":{"line":55,"column":1}}]},"17":{"type":"branch","line":49,"loc":{"start":{"line":49,"column":16},"end":{"line":49,"column":31}},"locations":[{"start":{"line":49,"column":16},"end":{"line":49,"column":31}}]},"18":{"type":"branch","line":50,"loc":{"start":{"line":50,"column":-2},"end":{"line":55,"column":1}},"locations":[{"start":{"line":50,"column":-2},"end":{"line":55,"column":1}}]},"19":{"type":"branch","line":48,"loc":{"start":{"line":48,"column":33},"end":{"line":48,"column":69}},"locations":[{"start":{"line":48,"column":33},"end":{"line":48,"column":69}}]},"20":{"type":"branch","line":57,"loc":{"start":{"line":57,"column":7},"end":{"line":99,"column":1}},"locations":[{"start":{"line":57,"column":7},"end":{"line":99,"column":1}}]},"21":{"type":"branch","line":60,"loc":{"start":{"line":60,"column":39},"end":{"line":83,"column":3}},"locations":[{"start":{"line":60,"column":39},"end":{"line":83,"column":3}}]},"22":{"type":"branch","line":63,"loc":{"start":{"line":63,"column":6},"end":{"line":63,"column":55}},"locations":[{"start":{"line":63,"column":6},"end":{"line":63,"column":55}}]},"23":{"type":"branch","line":64,"loc":{"start":{"line":64,"column":6},"end":{"line":64,"column":69}},"locations":[{"start":{"line":64,"column":6},"end":{"line":64,"column":69}}]},"24":{"type":"branch","line":66,"loc":{"start":{"line":66,"column":21},"end":{"line":75,"column":5}},"locations":[{"start":{"line":66,"column":21},"end":{"line":75,"column":5}}]},"25":{"type":"branch","line":70,"loc":{"start":{"line":70,"column":23},"end":{"line":70,"column":44}},"locations":[{"start":{"line":70,"column":23},"end":{"line":70,"column":44}}]},"26":{"type":"branch","line":70,"loc":{"start":{"line":70,"column":45},"end":{"line":70,"column":49}},"locations":[{"start":{"line":70,"column":45},"end":{"line":70,"column":49}}]},"27":{"type":"branch","line":72,"loc":{"start":{"line":72,"column":22},"end":{"line":72,"column":40}},"locations":[{"start":{"line":72,"column":22},"end":{"line":72,"column":40}}]},"28":{"type":"branch","line":72,"loc":{"start":{"line":72,"column":42},"end":{"line":74,"column":7}},"locations":[{"start":{"line":72,"column":42},"end":{"line":74,"column":7}}]},"29":{"type":"branch","line":75,"loc":{"start":{"line":75,"column":5},"end":{"line":82,"column":5}},"locations":[{"start":{"line":75,"column":5},"end":{"line":82,"column":5}}]},"30":{"type":"branch","line":79,"loc":{"start":{"line":79,"column":22},"end":{"line":79,"column":40}},"locations":[{"start":{"line":79,"column":22},"end":{"line":79,"column":40}}]},"31":{"type":"branch","line":79,"loc":{"start":{"line":79,"column":42},"end":{"line":81,"column":7}},"locations":[{"start":{"line":79,"column":42},"end":{"line":81,"column":7}}]},"32":{"type":"branch","line":85,"loc":{"start":{"line":85,"column":37},"end":{"line":98,"column":3}},"locations":[{"start":{"line":85,"column":37},"end":{"line":98,"column":3}}]},"33":{"type":"branch","line":89,"loc":{"start":{"line":89,"column":6},"end":{"line":89,"column":69}},"locations":[{"start":{"line":89,"column":6},"end":{"line":89,"column":69}}]},"34":{"type":"branch","line":91,"loc":{"start":{"line":91,"column":19},"end":{"line":97,"column":5}},"locations":[{"start":{"line":91,"column":19},"end":{"line":97,"column":5}}]},"35":{"type":"branch","line":94,"loc":{"start":{"line":94,"column":7},"end":{"line":96,"column":7}},"locations":[{"start":{"line":94,"column":7},"end":{"line":96,"column":7}}]},"36":{"type":"branch","line":63,"loc":{"start":{"line":63,"column":27},"end":{"line":63,"column":54}},"locations":[{"start":{"line":63,"column":27},"end":{"line":63,"column":54}}]},"37":{"type":"branch","line":88,"loc":{"start":{"line":88,"column":28},"end":{"line":88,"column":54}},"locations":[{"start":{"line":88,"column":28},"end":{"line":88,"column":54}}]}},"b":{"0":[6],"1":[12],"2":[11],"3":[2],"4":[10],"5":[4],"6":[4],"7":[6],"8":[2],"9":[3],"10":[2],"11":[1],"12":[3],"13":[2],"14":[1],"15":[2],"16":[3],"17":[2],"18":[1],"19":[2],"20":[5],"21":[3],"22":[2],"23":[1],"24":[2],"25":[1],"26":[1],"27":[1],"28":[1],"29":[1],"30":[0],"31":[0],"32":[2],"33":[0],"34":[1],"35":[0],"36":[1],"37":[1]},"fnMap":{"0":{"name":"findKeyForNode","decl":{"start":{"line":3,"column":7},"end":{"line":19,"column":1}},"loc":{"start":{"line":3,"column":7},"end":{"line":19,"column":1}},"line":3},"1":{"name":"serializeTree","decl":{"start":{"line":21,"column":7},"end":{"line":24,"column":1}},"loc":{"start":{"line":21,"column":7},"end":{"line":24,"column":1}},"line":21},"2":{"name":"serializeNode","decl":{"start":{"line":26,"column":0},"end":{"line":35,"column":1}},"loc":{"start":{"line":26,"column":0},"end":{"line":35,"column":1}},"line":26},"3":{"name":"ensureRootFolder","decl":{"start":{"line":37,"column":0},"end":{"line":43,"column":1}},"loc":{"start":{"line":37,"column":0},"end":{"line":43,"column":1}},"line":37},"4":{"name":"findSyncFolder","decl":{"start":{"line":45,"column":7},"end":{"line":55,"column":1}},"loc":{"start":{"line":45,"column":7},"end":{"line":55,"column":1}},"line":45},"5":{"name":"applyDiff","decl":{"start":{"line":57,"column":7},"end":{"line":99,"column":1}},"loc":{"start":{"line":57,"column":7},"end":{"line":99,"column":1}},"line":57}},"f":{"0":6,"1":2,"2":3,"3":3,"4":3,"5":5}}
,"C:\\Users\\giaco\\workspace\\enlasync\\src\\background\\crypto.js": {"path":"C:\\Users\\giaco\\workspace\\enlasync\\src\\background\\crypto.js","all":false,"statementMap":{"0":{"start":{"line":1,"column":0},"end":{"line":1,"column":39}},"2":{"start":{"line":3,"column":0},"end":{"line":3,"column":21}},"3":{"start":{"line":4,"column":0},"end":{"line":4,"column":19}},"4":{"start":{"line":5,"column":0},"end":{"line":5,"column":33}},"5":{"start":{"line":6,"column":0},"end":{"line":6,"column":24}},"7":{"start":{"line":8,"column":0},"end":{"line":8,"column":27}},"8":{"start":{"line":9,"column":0},"end":{"line":9,"column":35}},"9":{"start":{"line":10,"column":0},"end":{"line":10,"column":17}},"10":{"start":{"line":11,"column":0},"end":{"line":11,"column":57}},"11":{"start":{"line":12,"column":0},"end":{"line":12,"column":21}},"12":{"start":{"line":13,"column":0},"end":{"line":13,"column":1}},"14":{"start":{"line":15,"column":0},"end":{"line":15,"column":27}},"15":{"start":{"line":16,"column":0},"end":{"line":16,"column":26}},"16":{"start":{"line":17,"column":0},"end":{"line":17,"column":45}},"17":{"start":{"line":18,"column":0},"end":{"line":18,"column":73}},"18":{"start":{"line":19,"column":0},"end":{"line":19,"column":14}},"19":{"start":{"line":20,"column":0},"end":{"line":20,"column":1}},"21":{"start":{"line":22,"column":0},"end":{"line":22,"column":37}},"22":{"start":{"line":23,"column":0},"end":{"line":23,"column":35}},"23":{"start":{"line":24,"column":0},"end":{"line":24,"column":92}},"24":{"start":{"line":25,"column":0},"end":{"line":25,"column":1}},"26":{"start":{"line":27,"column":0},"end":{"line":27,"column":45}},"27":{"start":{"line":28,"column":0},"end":{"line":28,"column":26}},"28":{"start":{"line":29,"column":0},"end":{"line":29,"column":77}},"29":{"start":{"line":30,"column":0},"end":{"line":30,"column":16}},"30":{"start":{"line":31,"column":0},"end":{"line":31,"column":46}},"31":{"start":{"line":32,"column":0},"end":{"line":32,"column":10}},"32":{"start":{"line":33,"column":0},"end":{"line":33,"column":26}},"33":{"start":{"line":34,"column":0},"end":{"line":34,"column":3}},"34":{"start":{"line":35,"column":0},"end":{"line":35,"column":1}},"36":{"start":{"line":37,"column":0},"end":{"line":37,"column":31}},"37":{"start":{"line":38,"column":0},"end":{"line":38,"column":77}},"38":{"start":{"line":39,"column":0},"end":{"line":39,"column":1}},"40":{"start":{"line":41,"column":0},"end":{"line":41,"column":49}},"41":{"start":{"line":42,"column":0},"end":{"line":42,"column":76}},"42":{"start":{"line":43,"column":0},"end":{"line":43,"column":72}},"44":{"start":{"line":45,"column":0},"end":{"line":45,"column":54}},"45":{"start":{"line":46,"column":0},"end":{"line":46,"column":48}},"47":{"start":{"line":48,"column":0},"end":{"line":48,"column":66}},"48":{"start":{"line":49,"column":0},"end":{"line":49,"column":82}},"50":{"start":{"line":51,"column":0},"end":{"line":51,"column":10}},"51":{"start":{"line":52,"column":0},"end":{"line":52,"column":9}},"52":{"start":{"line":53,"column":0},"end":{"line":53,"column":28}},"53":{"start":{"line":54,"column":0},"end":{"line":54,"column":24}},"54":{"start":{"line":55,"column":0},"end":{"line":55,"column":32}},"55":{"start":{"line":56,"column":0},"end":{"line":56,"column":3}},"56":{"start":{"line":57,"column":0},"end":{"line":57,"column":1}},"58":{"start":{"line":59,"column":0},"end":{"line":59,"column":52}},"59":{"start":{"line":60,"column":0},"end":{"line":60,"column":40}},"60":{"start":{"line":61,"column":0},"end":{"line":61,"column":36}},"61":{"start":{"line":62,"column":0},"end":{"line":62,"column":36}},"63":{"start":{"line":64,"column":0},"end":{"line":64,"column":54}},"64":{"start":{"line":65,"column":0},"end":{"line":65,"column":48}},"66":{"start":{"line":67,"column":0},"end":{"line":67,"column":74}},"67":{"start":{"line":68,"column":0},"end":{"line":68,"column":50}},"68":{"start":{"line":69,"column":0},"end":{"line":69,"column":25}},"69":{"start":{"line":70,"column":0},"end":{"line":70,"column":1}},"71":{"start":{"line":72,"column":0},"end":{"line":72,"column":54}},"72":{"start":{"line":73,"column":0},"end":{"line":73,"column":56}},"73":{"start":{"line":74,"column":0},"end":{"line":74,"column":46}},"74":{"start":{"line":75,"column":0},"end":{"line":75,"column":37}},"75":{"start":{"line":76,"column":0},"end":{"line":76,"column":3}},"76":{"start":{"line":77,"column":0},"end":{"line":77,"column":54}},"77":{"start":{"line":78,"column":0},"end":{"line":78,"column":16}},"78":{"start":{"line":79,"column":0},"end":{"line":79,"column":3}},"79":{"start":{"line":80,"column":0},"end":{"line":80,"column":56}},"80":{"start":{"line":81,"column":0},"end":{"line":81,"column":1}}},"s":{"0":1,"2":1,"3":1,"4":1,"5":1,"7":12,"8":12,"9":12,"10":12,"11":12,"12":12,"14":12,"15":12,"16":12,"17":12,"18":12,"19":12,"21":8,"22":8,"23":8,"24":8,"26":8,"27":8,"28":8,"29":8,"30":8,"31":8,"32":8,"33":8,"34":8,"36":6,"37":6,"38":6,"40":1,"41":4,"42":4,"44":4,"45":4,"47":4,"48":4,"50":4,"51":4,"52":4,"53":4,"54":4,"55":4,"56":4,"58":1,"59":4,"60":4,"61":4,"63":4,"64":4,"66":4,"67":2,"68":2,"69":2,"71":1,"72":6,"73":6,"74":2,"75":2,"76":6,"77":1,"78":1,"79":1,"80":1},"branchMap":{"0":{"type":"branch","line":8,"loc":{"start":{"line":8,"column":0},"end":{"line":13,"column":1}},"locations":[{"start":{"line":8,"column":0},"end":{"line":13,"column":1}}]},"1":{"type":"branch","line":11,"loc":{"start":{"line":11,"column":25},"end":{"line":11,"column":57}},"locations":[{"start":{"line":11,"column":25},"end":{"line":11,"column":57}}]},"2":{"type":"branch","line":15,"loc":{"start":{"line":15,"column":0},"end":{"line":20,"column":1}},"locations":[{"start":{"line":15,"column":0},"end":{"line":20,"column":1}}]},"3":{"type":"branch","line":18,"loc":{"start":{"line":18,"column":42},"end":{"line":18,"column":73}},"locations":[{"start":{"line":18,"column":42},"end":{"line":18,"column":73}}]},"4":{"type":"branch","line":22,"loc":{"start":{"line":22,"column":0},"end":{"line":25,"column":1}},"locations":[{"start":{"line":22,"column":0},"end":{"line":25,"column":1}}]},"5":{"type":"branch","line":27,"loc":{"start":{"line":27,"column":0},"end":{"line":35,"column":1}},"locations":[{"start":{"line":27,"column":0},"end":{"line":35,"column":1}}]},"6":{"type":"branch","line":37,"loc":{"start":{"line":37,"column":0},"end":{"line":39,"column":1}},"locations":[{"start":{"line":37,"column":0},"end":{"line":39,"column":1}}]},"7":{"type":"branch","line":38,"loc":{"start":{"line":38,"column":53},"end":{"line":38,"column":77}},"locations":[{"start":{"line":38,"column":53},"end":{"line":38,"column":77}}]},"8":{"type":"branch","line":41,"loc":{"start":{"line":41,"column":7},"end":{"line":57,"column":1}},"locations":[{"start":{"line":41,"column":7},"end":{"line":57,"column":1}}]},"9":{"type":"branch","line":59,"loc":{"start":{"line":59,"column":7},"end":{"line":70,"column":1}},"locations":[{"start":{"line":59,"column":7},"end":{"line":70,"column":1}}]},"10":{"type":"branch","line":67,"loc":{"start":{"line":67,"column":73},"end":{"line":70,"column":1}},"locations":[{"start":{"line":67,"column":73},"end":{"line":70,"column":1}}]},"11":{"type":"branch","line":72,"loc":{"start":{"line":72,"column":7},"end":{"line":81,"column":1}},"locations":[{"start":{"line":72,"column":7},"end":{"line":81,"column":1}}]},"12":{"type":"branch","line":73,"loc":{"start":{"line":73,"column":21},"end":{"line":73,"column":43}},"locations":[{"start":{"line":73,"column":21},"end":{"line":73,"column":43}}]},"13":{"type":"branch","line":73,"loc":{"start":{"line":73,"column":45},"end":{"line":73,"column":56}},"locations":[{"start":{"line":73,"column":45},"end":{"line":73,"column":56}}]},"14":{"type":"branch","line":73,"loc":{"start":{"line":73,"column":52},"end":{"line":74,"column":27}},"locations":[{"start":{"line":73,"column":52},"end":{"line":74,"column":27}}]},"15":{"type":"branch","line":74,"loc":{"start":{"line":74,"column":27},"end":{"line":74,"column":43}},"locations":[{"start":{"line":74,"column":27},"end":{"line":74,"column":43}}]},"16":{"type":"branch","line":74,"loc":{"start":{"line":74,"column":45},"end":{"line":77,"column":27}},"locations":[{"start":{"line":74,"column":45},"end":{"line":77,"column":27}}]},"17":{"type":"branch","line":77,"loc":{"start":{"line":77,"column":27},"end":{"line":77,"column":51}},"locations":[{"start":{"line":77,"column":27},"end":{"line":77,"column":51}}]},"18":{"type":"branch","line":77,"loc":{"start":{"line":77,"column":53},"end":{"line":81,"column":1}},"locations":[{"start":{"line":77,"column":53},"end":{"line":81,"column":1}}]}},"b":{"0":[12],"1":[492],"2":[12],"3":[375],"4":[8],"5":[8],"6":[6],"7":[4],"8":[4],"9":[4],"10":[2],"11":[6],"12":[5],"13":[2],"14":[4],"15":[3],"16":[2],"17":[1],"18":[1]},"fnMap":{"0":{"name":"bufToBase64","decl":{"start":{"line":8,"column":0},"end":{"line":13,"column":1}},"loc":{"start":{"line":8,"column":0},"end":{"line":13,"column":1}},"line":8},"1":{"name":"base64ToBuf","decl":{"start":{"line":15,"column":0},"end":{"line":20,"column":1}},"loc":{"start":{"line":15,"column":0},"end":{"line":20,"column":1}},"line":15},"2":{"name":"getPasswordKey","decl":{"start":{"line":22,"column":0},"end":{"line":25,"column":1}},"loc":{"start":{"line":22,"column":0},"end":{"line":25,"column":1}},"line":22},"3":{"name":"deriveKey","decl":{"start":{"line":27,"column":0},"end":{"line":35,"column":1}},"loc":{"start":{"line":27,"column":0},"end":{"line":35,"column":1}},"line":27},"4":{"name":"isPlainObject","decl":{"start":{"line":37,"column":0},"end":{"line":39,"column":1}},"loc":{"start":{"line":37,"column":0},"end":{"line":39,"column":1}},"line":37},"5":{"name":"encrypt","decl":{"start":{"line":41,"column":7},"end":{"line":57,"column":1}},"loc":{"start":{"line":41,"column":7},"end":{"line":57,"column":1}},"line":41},"6":{"name":"decrypt","decl":{"start":{"line":59,"column":7},"end":{"line":70,"column":1}},"loc":{"start":{"line":59,"column":7},"end":{"line":70,"column":1}},"line":59},"7":{"name":"safeDecrypt","decl":{"start":{"line":72,"column":7},"end":{"line":81,"column":1}},"loc":{"start":{"line":72,"column":7},"end":{"line":81,"column":1}},"line":72}},"f":{"0":12,"1":12,"2":8,"3":8,"4":6,"5":4,"6":4,"7":6}}
,"C:\\Users\\giaco\\workspace\\enlasync\\src\\background\\service-worker.js": {"path":"C:\\Users\\giaco\\workspace\\enlasync\\src\\background\\service-worker.js","all":false,"statementMap":{"0":{"start":{"line":1,"column":0},"end":{"line":1,"column":87}},"1":{"start":{"line":2,"column":0},"end":{"line":2,"column":103}},"2":{"start":{"line":3,"column":0},"end":{"line":3,"column":0}},"3":{"start":{"line":4,"column":0},"end":{"line":4,"column":35}},"4":{"start":{"line":5,"column":0},"end":{"line":5,"column":19}},"5":{"start":{"line":6,"column":0},"end":{"line":6,"column":17}},"6":{"start":{"line":7,"column":0},"end":{"line":7,"column":22}},"7":{"start":{"line":8,"column":0},"end":{"line":8,"column":0}},"8":{"start":{"line":9,"column":0},"end":{"line":9,"column":131}},"9":{"start":{"line":10,"column":0},"end":{"line":10,"column":27}},"10":{"start":{"line":11,"column":0},"end":{"line":11,"column":0}},"11":{"start":{"line":12,"column":0},"end":{"line":12,"column":41}},"12":{"start":{"line":13,"column":0},"end":{"line":13,"column":37}},"13":{"start":{"line":14,"column":0},"end":{"line":14,"column":95}},"14":{"start":{"line":15,"column":0},"end":{"line":15,"column":1}},"15":{"start":{"line":16,"column":0},"end":{"line":16,"column":0}},"16":{"start":{"line":17,"column":0},"end":{"line":17,"column":38}},"17":{"start":{"line":18,"column":0},"end":{"line":18,"column":74}},"18":{"start":{"line":19,"column":0},"end":{"line":19,"column":60}},"19":{"start":{"line":20,"column":0},"end":{"line":20,"column":46}},"20":{"start":{"line":21,"column":0},"end":{"line":21,"column":3}},"21":{"start":{"line":22,"column":0},"end":{"line":22,"column":89}},"22":{"start":{"line":23,"column":0},"end":{"line":23,"column":45}},"23":{"start":{"line":24,"column":0},"end":{"line":24,"column":59}},"24":{"start":{"line":25,"column":0},"end":{"line":25,"column":19}},"25":{"start":{"line":26,"column":0},"end":{"line":26,"column":3}},"26":{"start":{"line":27,"column":0},"end":{"line":27,"column":11}},"27":{"start":{"line":28,"column":0},"end":{"line":28,"column":1}},"28":{"start":{"line":29,"column":0},"end":{"line":29,"column":0}},"29":{"start":{"line":30,"column":0},"end":{"line":30,"column":33}},"30":{"start":{"line":31,"column":0},"end":{"line":31,"column":50}},"31":{"start":{"line":32,"column":0},"end":{"line":32,"column":41}},"32":{"start":{"line":33,"column":0},"end":{"line":33,"column":63}},"33":{"start":{"line":34,"column":0},"end":{"line":34,"column":30}},"34":{"start":{"line":35,"column":0},"end":{"line":35,"column":76}},"35":{"start":{"line":36,"column":0},"end":{"line":36,"column":4}},"36":{"start":{"line":37,"column":0},"end":{"line":37,"column":1}},"37":{"start":{"line":38,"column":0},"end":{"line":38,"column":0}},"38":{"start":{"line":39,"column":0},"end":{"line":39,"column":30}},"39":{"start":{"line":40,"column":0},"end":{"line":40,"column":21}},"40":{"start":{"line":41,"column":0},"end":{"line":41,"column":64}},"41":{"start":{"line":42,"column":0},"end":{"line":42,"column":3}},"42":{"start":{"line":43,"column":0},"end":{"line":43,"column":20}},"43":{"start":{"line":44,"column":0},"end":{"line":44,"column":1}},"44":{"start":{"line":45,"column":0},"end":{"line":45,"column":0}},"45":{"start":{"line":46,"column":0},"end":{"line":46,"column":25}},"46":{"start":{"line":47,"column":0},"end":{"line":47,"column":86}},"47":{"start":{"line":48,"column":0},"end":{"line":48,"column":51}},"48":{"start":{"line":49,"column":0},"end":{"line":49,"column":25}},"49":{"start":{"line":50,"column":0},"end":{"line":50,"column":48}},"50":{"start":{"line":51,"column":0},"end":{"line":51,"column":3}},"51":{"start":{"line":52,"column":0},"end":{"line":52,"column":0}},"52":{"start":{"line":53,"column":0},"end":{"line":53,"column":62}},"53":{"start":{"line":54,"column":0},"end":{"line":54,"column":52}},"54":{"start":{"line":55,"column":0},"end":{"line":55,"column":114}},"55":{"start":{"line":56,"column":0},"end":{"line":56,"column":39}},"56":{"start":{"line":57,"column":0},"end":{"line":57,"column":59}},"57":{"start":{"line":58,"column":0},"end":{"line":58,"column":49}},"58":{"start":{"line":59,"column":0},"end":{"line":59,"column":3}},"59":{"start":{"line":60,"column":0},"end":{"line":60,"column":0}},"60":{"start":{"line":61,"column":0},"end":{"line":61,"column":35}},"61":{"start":{"line":62,"column":0},"end":{"line":62,"column":24}},"62":{"start":{"line":63,"column":0},"end":{"line":63,"column":0}},"63":{"start":{"line":64,"column":0},"end":{"line":64,"column":36}},"64":{"start":{"line":65,"column":0},"end":{"line":65,"column":19}},"65":{"start":{"line":66,"column":0},"end":{"line":66,"column":0}},"66":{"start":{"line":67,"column":0},"end":{"line":67,"column":31}},"67":{"start":{"line":68,"column":0},"end":{"line":68,"column":24}},"68":{"start":{"line":69,"column":0},"end":{"line":69,"column":26}},"69":{"start":{"line":70,"column":0},"end":{"line":70,"column":30}},"70":{"start":{"line":71,"column":0},"end":{"line":71,"column":21}},"71":{"start":{"line":72,"column":0},"end":{"line":72,"column":6}},"72":{"start":{"line":73,"column":0},"end":{"line":73,"column":0}},"73":{"start":{"line":74,"column":0},"end":{"line":74,"column":53}},"74":{"start":{"line":75,"column":0},"end":{"line":75,"column":21}},"75":{"start":{"line":76,"column":0},"end":{"line":76,"column":48}},"76":{"start":{"line":77,"column":0},"end":{"line":77,"column":46}},"77":{"start":{"line":78,"column":0},"end":{"line":78,"column":45}},"78":{"start":{"line":79,"column":0},"end":{"line":79,"column":59}},"79":{"start":{"line":80,"column":0},"end":{"line":80,"column":49}},"80":{"start":{"line":81,"column":0},"end":{"line":81,"column":12}},"81":{"start":{"line":82,"column":0},"end":{"line":82,"column":46}},"82":{"start":{"line":83,"column":0},"end":{"line":83,"column":45}},"83":{"start":{"line":84,"column":0},"end":{"line":84,"column":5}},"84":{"start":{"line":85,"column":0},"end":{"line":85,"column":3}},"85":{"start":{"line":86,"column":0},"end":{"line":86,"column":0}},"86":{"start":{"line":87,"column":0},"end":{"line":87,"column":42}},"87":{"start":{"line":88,"column":0},"end":{"line":88,"column":78}},"88":{"start":{"line":89,"column":0},"end":{"line":89,"column":1}},"89":{"start":{"line":90,"column":0},"end":{"line":90,"column":0}},"90":{"start":{"line":91,"column":0},"end":{"line":91,"column":38}},"91":{"start":{"line":92,"column":0},"end":{"line":92,"column":68}},"92":{"start":{"line":93,"column":0},"end":{"line":93,"column":29}},"93":{"start":{"line":94,"column":0},"end":{"line":94,"column":16}},"94":{"start":{"line":95,"column":0},"end":{"line":95,"column":3}},"95":{"start":{"line":96,"column":0},"end":{"line":96,"column":38}},"96":{"start":{"line":97,"column":0},"end":{"line":97,"column":46}},"97":{"start":{"line":98,"column":0},"end":{"line":98,"column":60}},"98":{"start":{"line":99,"column":0},"end":{"line":99,"column":0}},"99":{"start":{"line":100,"column":0},"end":{"line":100,"column":48}},"100":{"start":{"line":101,"column":0},"end":{"line":101,"column":31}},"101":{"start":{"line":102,"column":0},"end":{"line":102,"column":48}},"102":{"start":{"line":103,"column":0},"end":{"line":103,"column":30}},"103":{"start":{"line":104,"column":0},"end":{"line":104,"column":47}},"104":{"start":{"line":105,"column":0},"end":{"line":105,"column":53}},"105":{"start":{"line":106,"column":0},"end":{"line":106,"column":30}},"106":{"start":{"line":107,"column":0},"end":{"line":107,"column":9}},"107":{"start":{"line":108,"column":0},"end":{"line":108,"column":1}},"108":{"start":{"line":109,"column":0},"end":{"line":109,"column":0}},"109":{"start":{"line":110,"column":0},"end":{"line":110,"column":41}},"110":{"start":{"line":111,"column":0},"end":{"line":111,"column":68}},"111":{"start":{"line":112,"column":0},"end":{"line":112,"column":29}},"112":{"start":{"line":113,"column":0},"end":{"line":113,"column":16}},"113":{"start":{"line":114,"column":0},"end":{"line":114,"column":3}},"114":{"start":{"line":115,"column":0},"end":{"line":115,"column":44}},"115":{"start":{"line":116,"column":0},"end":{"line":116,"column":43}},"116":{"start":{"line":117,"column":0},"end":{"line":117,"column":13}},"117":{"start":{"line":118,"column":0},"end":{"line":118,"column":1}},"118":{"start":{"line":119,"column":0},"end":{"line":119,"column":0}},"119":{"start":{"line":120,"column":0},"end":{"line":120,"column":50}},"120":{"start":{"line":121,"column":0},"end":{"line":121,"column":45}},"121":{"start":{"line":122,"column":0},"end":{"line":122,"column":51}},"122":{"start":{"line":123,"column":0},"end":{"line":123,"column":30}},"123":{"start":{"line":124,"column":0},"end":{"line":124,"column":4}},"124":{"start":{"line":125,"column":0},"end":{"line":125,"column":1}},"125":{"start":{"line":126,"column":0},"end":{"line":126,"column":0}},"126":{"start":{"line":127,"column":0},"end":{"line":127,"column":52}},"127":{"start":{"line":128,"column":0},"end":{"line":128,"column":49}},"128":{"start":{"line":129,"column":0},"end":{"line":129,"column":53}},"129":{"start":{"line":130,"column":0},"end":{"line":130,"column":30}},"130":{"start":{"line":131,"column":0},"end":{"line":131,"column":4}},"131":{"start":{"line":132,"column":0},"end":{"line":132,"column":1}},"132":{"start":{"line":133,"column":0},"end":{"line":133,"column":0}},"133":{"start":{"line":134,"column":0},"end":{"line":134,"column":52}},"134":{"start":{"line":135,"column":0},"end":{"line":135,"column":45}},"135":{"start":{"line":136,"column":0},"end":{"line":136,"column":39}},"136":{"start":{"line":137,"column":0},"end":{"line":137,"column":49}},"137":{"start":{"line":138,"column":0},"end":{"line":138,"column":32}},"138":{"start":{"line":139,"column":0},"end":{"line":139,"column":6}},"139":{"start":{"line":140,"column":0},"end":{"line":140,"column":4}},"140":{"start":{"line":141,"column":0},"end":{"line":141,"column":1}},"141":{"start":{"line":142,"column":0},"end":{"line":142,"column":0}},"142":{"start":{"line":143,"column":0},"end":{"line":143,"column":48}},"143":{"start":{"line":144,"column":0},"end":{"line":144,"column":23}},"144":{"start":{"line":145,"column":0},"end":{"line":145,"column":21}},"145":{"start":{"line":146,"column":0},"end":{"line":146,"column":26}},"146":{"start":{"line":147,"column":0},"end":{"line":147,"column":52}},"147":{"start":{"line":148,"column":0},"end":{"line":148,"column":3}},"148":{"start":{"line":149,"column":0},"end":{"line":149,"column":75}},"149":{"start":{"line":150,"column":0},"end":{"line":150,"column":55}},"150":{"start":{"line":151,"column":0},"end":{"line":151,"column":3}},"151":{"start":{"line":152,"column":0},"end":{"line":152,"column":40}},"152":{"start":{"line":153,"column":0},"end":{"line":153,"column":48}},"153":{"start":{"line":154,"column":0},"end":{"line":154,"column":31}},"154":{"start":{"line":155,"column":0},"end":{"line":155,"column":23}},"155":{"start":{"line":156,"column":0},"end":{"line":156,"column":5}},"156":{"start":{"line":157,"column":0},"end":{"line":157,"column":4}},"157":{"start":{"line":158,"column":0},"end":{"line":158,"column":1}},"158":{"start":{"line":159,"column":0},"end":{"line":159,"column":0}},"159":{"start":{"line":160,"column":0},"end":{"line":160,"column":63}},"160":{"start":{"line":161,"column":0},"end":{"line":161,"column":17}},"161":{"start":{"line":162,"column":0},"end":{"line":162,"column":36}},"162":{"start":{"line":163,"column":0},"end":{"line":163,"column":30}},"163":{"start":{"line":164,"column":0},"end":{"line":164,"column":4}},"164":{"start":{"line":165,"column":0},"end":{"line":165,"column":1}},"165":{"start":{"line":166,"column":0},"end":{"line":166,"column":0}},"166":{"start":{"line":167,"column":0},"end":{"line":167,"column":35}},"167":{"start":{"line":168,"column":0},"end":{"line":168,"column":38}},"168":{"start":{"line":169,"column":0},"end":{"line":169,"column":26}},"169":{"start":{"line":170,"column":0},"end":{"line":170,"column":29}},"170":{"start":{"line":171,"column":0},"end":{"line":171,"column":0}},"171":{"start":{"line":172,"column":0},"end":{"line":172,"column":55}},"172":{"start":{"line":173,"column":0},"end":{"line":173,"column":19}},"173":{"start":{"line":174,"column":0},"end":{"line":174,"column":33}},"174":{"start":{"line":175,"column":0},"end":{"line":175,"column":48}},"175":{"start":{"line":176,"column":0},"end":{"line":176,"column":30}},"176":{"start":{"line":177,"column":0},"end":{"line":177,"column":57}},"177":{"start":{"line":178,"column":0},"end":{"line":178,"column":34}},"178":{"start":{"line":179,"column":0},"end":{"line":179,"column":3}},"179":{"start":{"line":180,"column":0},"end":{"line":180,"column":0}},"180":{"start":{"line":181,"column":0},"end":{"line":181,"column":46}},"181":{"start":{"line":182,"column":0},"end":{"line":182,"column":28}},"182":{"start":{"line":183,"column":0},"end":{"line":183,"column":45}},"183":{"start":{"line":184,"column":0},"end":{"line":184,"column":51}},"184":{"start":{"line":185,"column":0},"end":{"line":185,"column":13}},"185":{"start":{"line":186,"column":0},"end":{"line":186,"column":1}},"186":{"start":{"line":187,"column":0},"end":{"line":187,"column":0}},"187":{"start":{"line":188,"column":0},"end":{"line":188,"column":31}},"188":{"start":{"line":189,"column":0},"end":{"line":189,"column":20}},"189":{"start":{"line":190,"column":0},"end":{"line":190,"column":39}},"190":{"start":{"line":191,"column":0},"end":{"line":191,"column":32}},"191":{"start":{"line":192,"column":0},"end":{"line":192,"column":3}},"192":{"start":{"line":193,"column":0},"end":{"line":193,"column":29}},"193":{"start":{"line":194,"column":0},"end":{"line":194,"column":1}},"194":{"start":{"line":195,"column":0},"end":{"line":195,"column":0}},"195":{"start":{"line":196,"column":0},"end":{"line":196,"column":74}},"196":{"start":{"line":197,"column":0},"end":{"line":197,"column":43}},"197":{"start":{"line":198,"column":0},"end":{"line":198,"column":46}},"198":{"start":{"line":199,"column":0},"end":{"line":199,"column":33}},"199":{"start":{"line":200,"column":0},"end":{"line":200,"column":20}},"200":{"start":{"line":201,"column":0},"end":{"line":201,"column":7}},"201":{"start":{"line":202,"column":0},"end":{"line":202,"column":44}},"202":{"start":{"line":203,"column":0},"end":{"line":203,"column":82}},"203":{"start":{"line":204,"column":0},"end":{"line":204,"column":5}},"204":{"start":{"line":205,"column":0},"end":{"line":205,"column":26}},"205":{"start":{"line":206,"column":0},"end":{"line":206,"column":3}},"206":{"start":{"line":207,"column":0},"end":{"line":207,"column":0}},"207":{"start":{"line":208,"column":0},"end":{"line":208,"column":41}},"208":{"start":{"line":209,"column":0},"end":{"line":209,"column":48}},"209":{"start":{"line":210,"column":0},"end":{"line":210,"column":26}},"210":{"start":{"line":211,"column":0},"end":{"line":211,"column":0}},"211":{"start":{"line":212,"column":0},"end":{"line":212,"column":44}},"212":{"start":{"line":213,"column":0},"end":{"line":213,"column":33}},"213":{"start":{"line":214,"column":0},"end":{"line":214,"column":20}},"214":{"start":{"line":215,"column":0},"end":{"line":215,"column":7}},"215":{"start":{"line":216,"column":0},"end":{"line":216,"column":43}},"216":{"start":{"line":217,"column":0},"end":{"line":217,"column":44}},"217":{"start":{"line":218,"column":0},"end":{"line":218,"column":35}},"218":{"start":{"line":219,"column":0},"end":{"line":219,"column":11}},"219":{"start":{"line":220,"column":0},"end":{"line":220,"column":54}},"220":{"start":{"line":221,"column":0},"end":{"line":221,"column":34}},"221":{"start":{"line":222,"column":0},"end":{"line":222,"column":55}},"222":{"start":{"line":223,"column":0},"end":{"line":223,"column":21}},"223":{"start":{"line":224,"column":0},"end":{"line":224,"column":61}},"224":{"start":{"line":225,"column":0},"end":{"line":225,"column":17}},"225":{"start":{"line":226,"column":0},"end":{"line":226,"column":38}},"226":{"start":{"line":227,"column":0},"end":{"line":227,"column":7}},"227":{"start":{"line":228,"column":0},"end":{"line":228,"column":5}},"228":{"start":{"line":229,"column":0},"end":{"line":229,"column":24}},"229":{"start":{"line":230,"column":0},"end":{"line":230,"column":3}},"230":{"start":{"line":231,"column":0},"end":{"line":231,"column":0}},"231":{"start":{"line":232,"column":0},"end":{"line":232,"column":38}},"232":{"start":{"line":233,"column":0},"end":{"line":233,"column":41}},"233":{"start":{"line":234,"column":0},"end":{"line":234,"column":33}},"234":{"start":{"line":235,"column":0},"end":{"line":235,"column":20}},"235":{"start":{"line":236,"column":0},"end":{"line":236,"column":7}},"236":{"start":{"line":237,"column":0},"end":{"line":237,"column":33}},"237":{"start":{"line":238,"column":0},"end":{"line":238,"column":16}},"238":{"start":{"line":239,"column":0},"end":{"line":239,"column":43}},"239":{"start":{"line":240,"column":0},"end":{"line":240,"column":28}},"240":{"start":{"line":241,"column":0},"end":{"line":241,"column":14}},"241":{"start":{"line":242,"column":0},"end":{"line":242,"column":28}},"242":{"start":{"line":243,"column":0},"end":{"line":243,"column":26}},"243":{"start":{"line":244,"column":0},"end":{"line":244,"column":7}},"244":{"start":{"line":245,"column":0},"end":{"line":245,"column":5}},"245":{"start":{"line":246,"column":0},"end":{"line":246,"column":54}},"246":{"start":{"line":247,"column":0},"end":{"line":247,"column":15}},"247":{"start":{"line":248,"column":0},"end":{"line":248,"column":3}},"248":{"start":{"line":249,"column":0},"end":{"line":249,"column":2}},"249":{"start":{"line":250,"column":0},"end":{"line":250,"column":0}},"250":{"start":{"line":251,"column":0},"end":{"line":251,"column":42}},"251":{"start":{"line":252,"column":0},"end":{"line":252,"column":44}},"252":{"start":{"line":253,"column":0},"end":{"line":253,"column":0}},"253":{"start":{"line":254,"column":0},"end":{"line":254,"column":57}},"254":{"start":{"line":255,"column":0},"end":{"line":255,"column":57}},"255":{"start":{"line":256,"column":0},"end":{"line":256,"column":57}},"256":{"start":{"line":257,"column":0},"end":{"line":257,"column":53}},"257":{"start":{"line":258,"column":0},"end":{"line":258,"column":77}}},"s":{"0":1,"1":1,"2":1,"3":1,"4":1,"5":1,"6":1,"7":1,"8":1,"9":1,"10":1,"11":1,"12":21,"13":15,"14":15,"15":1,"16":1,"17":0,"18":0,"19":0,"20":0,"21":0,"22":0,"23":0,"24":0,"25":0,"26":0,"27":0,"28":1,"29":13,"30":13,"31":0,"32":0,"33":0,"34":0,"35":0,"36":0,"37":1,"38":1,"39":13,"40":13,"41":13,"42":13,"43":13,"44":1,"45":13,"46":13,"47":13,"48":13,"49":0,"50":0,"51":13,"52":13,"53":13,"54":13,"55":1,"56":1,"57":1,"58":1,"59":13,"60":13,"61":13,"62":13,"63":13,"64":13,"65":13,"66":13,"67":13,"68":13,"69":13,"70":13,"71":13,"72":13,"73":13,"74":13,"75":0,"76":0,"77":0,"78":0,"79":0,"80":13,"81":13,"82":13,"83":13,"84":13,"85":13,"86":13,"87":13,"88":13,"89":1,"90":6,"91":6,"92":6,"93":0,"94":0,"95":6,"96":6,"97":6,"98":6,"99":6,"100":6,"101":6,"102":6,"103":6,"104":6,"105":6,"106":6,"107":6,"108":1,"109":8,"110":8,"111":8,"112":1,"113":1,"114":8,"115":8,"116":2,"117":2,"118":1,"119":1,"120":4,"121":3,"122":3,"123":3,"124":3,"125":1,"126":1,"127":2,"128":1,"129":1,"130":1,"131":1,"132":1,"133":1,"134":0,"135":0,"136":0,"137":0,"138":0,"139":0,"140":0,"141":1,"142":1,"143":1,"144":1,"145":1,"146":1,"147":1,"148":1,"149":1,"150":1,"151":1,"152":1,"153":1,"154":2,"155":2,"156":1,"157":1,"158":1,"159":1,"160":2,"161":2,"162":2,"163":2,"164":2,"165":1,"166":0,"167":0,"168":0,"169":0,"170":0,"171":0,"172":0,"173":0,"174":0,"175":0,"176":0,"177":0,"178":0,"179":0,"180":0,"181":0,"182":0,"183":0,"184":0,"185":0,"186":1,"187":0,"188":0,"189":0,"190":0,"191":0,"192":0,"193":0,"194":1,"195":1,"196":0,"197":0,"198":0,"199":0,"200":0,"201":0,"202":0,"203":0,"204":0,"205":0,"206":0,"207":0,"208":0,"209":0,"210":0,"211":0,"212":0,"213":0,"214":0,"215":0,"216":0,"217":0,"218":0,"219":0,"220":0,"221":0,"222":0,"223":0,"224":0,"225":0,"226":0,"227":0,"228":0,"229":0,"230":0,"231":0,"232":0,"233":0,"234":0,"235":0,"236":0,"237":0,"238":0,"239":0,"240":0,"241":0,"242":0,"243":0,"244":0,"245":0,"246":0,"247":0,"248":0,"249":1,"250":1,"251":1,"252":1,"253":1,"254":1,"255":1,"256":1,"257":1},"branchMap":{"0":{"type":"branch","line":12,"loc":{"start":{"line":12,"column":7},"end":{"line":15,"column":1}},"locations":[{"start":{"line":12,"column":7},"end":{"line":15,"column":1}}]},"1":{"type":"branch","line":13,"loc":{"start":{"line":13,"column":28},"end":{"line":13,"column":37}},"locations":[{"start":{"line":13,"column":28},"end":{"line":13,"column":37}}]},"2":{"type":"branch","line":14,"loc":{"start":{"line":14,"column":-2},"end":{"line":15,"column":1}},"locations":[{"start":{"line":14,"column":-2},"end":{"line":15,"column":1}}]},"3":{"type":"branch","line":14,"loc":{"start":{"line":14,"column":30},"end":{"line":14,"column":76}},"locations":[{"start":{"line":14,"column":30},"end":{"line":14,"column":76}}]},"4":{"type":"branch","line":14,"loc":{"start":{"line":14,"column":60},"end":{"line":14,"column":70}},"locations":[{"start":{"line":14,"column":60},"end":{"line":14,"column":70}}]},"5":{"type":"branch","line":14,"loc":{"start":{"line":14,"column":71},"end":{"line":14,"column":75}},"locations":[{"start":{"line":14,"column":71},"end":{"line":14,"column":75}}]},"6":{"type":"branch","line":30,"loc":{"start":{"line":30,"column":0},"end":{"line":37,"column":1}},"locations":[{"start":{"line":30,"column":0},"end":{"line":37,"column":1}}]},"7":{"type":"branch","line":32,"loc":{"start":{"line":32,"column":-2},"end":{"line":37,"column":1}},"locations":[{"start":{"line":32,"column":-2},"end":{"line":37,"column":1}}]},"8":{"type":"branch","line":39,"loc":{"start":{"line":39,"column":7},"end":{"line":44,"column":1}},"locations":[{"start":{"line":39,"column":7},"end":{"line":44,"column":1}}]},"9":{"type":"branch","line":41,"loc":{"start":{"line":41,"column":35},"end":{"line":41,"column":63}},"locations":[{"start":{"line":41,"column":35},"end":{"line":41,"column":63}}]},"10":{"type":"branch","line":46,"loc":{"start":{"line":46,"column":0},"end":{"line":89,"column":1}},"locations":[{"start":{"line":46,"column":0},"end":{"line":89,"column":1}}]},"11":{"type":"branch","line":48,"loc":{"start":{"line":48,"column":29},"end":{"line":48,"column":51}},"locations":[{"start":{"line":48,"column":29},"end":{"line":48,"column":51}}]},"12":{"type":"branch","line":49,"loc":{"start":{"line":49,"column":24},"end":{"line":51,"column":3}},"locations":[{"start":{"line":49,"column":24},"end":{"line":51,"column":3}}]},"13":{"type":"branch","line":55,"loc":{"start":{"line":55,"column":28},"end":{"line":55,"column":46}},"locations":[{"start":{"line":55,"column":28},"end":{"line":55,"column":46}}]},"14":{"type":"branch","line":55,"loc":{"start":{"line":55,"column":47},"end":{"line":55,"column":85}},"locations":[{"start":{"line":55,"column":47},"end":{"line":55,"column":85}}]},"15":{"type":"branch","line":55,"loc":{"start":{"line":55,"column":86},"end":{"line":55,"column":111}},"locations":[{"start":{"line":55,"column":86},"end":{"line":55,"column":111}}]},"16":{"type":"branch","line":55,"loc":{"start":{"line":55,"column":113},"end":{"line":59,"column":3}},"locations":[{"start":{"line":55,"column":113},"end":{"line":59,"column":3}}]},"17":{"type":"branch","line":75,"loc":{"start":{"line":75,"column":20},"end":{"line":81,"column":5}},"locations":[{"start":{"line":75,"column":20},"end":{"line":81,"column":5}}]},"18":{"type":"branch","line":91,"loc":{"start":{"line":91,"column":0},"end":{"line":108,"column":1}},"locations":[{"start":{"line":91,"column":0},"end":{"line":108,"column":1}}]},"19":{"type":"branch","line":93,"loc":{"start":{"line":93,"column":28},"end":{"line":95,"column":3}},"locations":[{"start":{"line":93,"column":28},"end":{"line":95,"column":3}}]},"20":{"type":"branch","line":97,"loc":{"start":{"line":97,"column":40},"end":{"line":97,"column":46}},"locations":[{"start":{"line":97,"column":40},"end":{"line":97,"column":46}}]},"21":{"type":"branch","line":98,"loc":{"start":{"line":98,"column":27},"end":{"line":98,"column":60}},"locations":[{"start":{"line":98,"column":27},"end":{"line":98,"column":60}}]},"22":{"type":"branch","line":100,"loc":{"start":{"line":100,"column":35},"end":{"line":107,"column":3}},"locations":[{"start":{"line":100,"column":35},"end":{"line":107,"column":3}}]},"23":{"type":"branch","line":101,"loc":{"start":{"line":101,"column":19},"end":{"line":101,"column":31}},"locations":[{"start":{"line":101,"column":19},"end":{"line":101,"column":31}}]},"24":{"type":"branch","line":110,"loc":{"start":{"line":110,"column":0},"end":{"line":118,"column":1}},"locations":[{"start":{"line":110,"column":0},"end":{"line":118,"column":1}}]},"25":{"type":"branch","line":112,"loc":{"start":{"line":112,"column":28},"end":{"line":114,"column":3}},"locations":[{"start":{"line":112,"column":28},"end":{"line":114,"column":3}}]},"26":{"type":"branch","line":116,"loc":{"start":{"line":116,"column":10},"end":{"line":116,"column":31}},"locations":[{"start":{"line":116,"column":10},"end":{"line":116,"column":31}}]},"27":{"type":"branch","line":116,"loc":{"start":{"line":116,"column":33},"end":{"line":116,"column":43}},"locations":[{"start":{"line":116,"column":33},"end":{"line":116,"column":43}}]},"28":{"type":"branch","line":117,"loc":{"start":{"line":117,"column":-2},"end":{"line":118,"column":1}},"locations":[{"start":{"line":117,"column":-2},"end":{"line":118,"column":1}}]},"29":{"type":"branch","line":120,"loc":{"start":{"line":120,"column":7},"end":{"line":125,"column":1}},"locations":[{"start":{"line":120,"column":7},"end":{"line":125,"column":1}}]},"30":{"type":"branch","line":121,"loc":{"start":{"line":121,"column":39},"end":{"line":121,"column":45}},"locations":[{"start":{"line":121,"column":39},"end":{"line":121,"column":45}}]},"31":{"type":"branch","line":122,"loc":{"start":{"line":122,"column":-2},"end":{"line":125,"column":1}},"locations":[{"start":{"line":122,"column":-2},"end":{"line":125,"column":1}}]},"32":{"type":"branch","line":122,"loc":{"start":{"line":122,"column":41},"end":{"line":124,"column":3}},"locations":[{"start":{"line":122,"column":41},"end":{"line":124,"column":3}}]},"33":{"type":"branch","line":123,"loc":{"start":{"line":123,"column":13},"end":{"line":123,"column":30}},"locations":[{"start":{"line":123,"column":13},"end":{"line":123,"column":30}}]},"34":{"type":"branch","line":127,"loc":{"start":{"line":127,"column":7},"end":{"line":132,"column":1}},"locations":[{"start":{"line":127,"column":7},"end":{"line":132,"column":1}}]},"35":{"type":"branch","line":128,"loc":{"start":{"line":128,"column":18},"end":{"line":128,"column":41}},"locations":[{"start":{"line":128,"column":18},"end":{"line":128,"column":41}}]},"36":{"type":"branch","line":128,"loc":{"start":{"line":128,"column":43},"end":{"line":132,"column":1}},"locations":[{"start":{"line":128,"column":43},"end":{"line":132,"column":1}}]},"37":{"type":"branch","line":129,"loc":{"start":{"line":129,"column":43},"end":{"line":131,"column":3}},"locations":[{"start":{"line":129,"column":43},"end":{"line":131,"column":3}}]},"38":{"type":"branch","line":143,"loc":{"start":{"line":143,"column":7},"end":{"line":158,"column":1}},"locations":[{"start":{"line":143,"column":7},"end":{"line":158,"column":1}}]},"39":{"type":"branch","line":144,"loc":{"start":{"line":144,"column":17},"end":{"line":144,"column":23}},"locations":[{"start":{"line":144,"column":17},"end":{"line":144,"column":23}}]},"40":{"type":"branch","line":152,"loc":{"start":{"line":152,"column":29},"end":{"line":157,"column":3}},"locations":[{"start":{"line":152,"column":29},"end":{"line":157,"column":3}}]},"41":{"type":"branch","line":154,"loc":{"start":{"line":154,"column":30},"end":{"line":156,"column":5}},"locations":[{"start":{"line":154,"column":30},"end":{"line":156,"column":5}}]},"42":{"type":"branch","line":160,"loc":{"start":{"line":160,"column":7},"end":{"line":165,"column":1}},"locations":[{"start":{"line":160,"column":7},"end":{"line":165,"column":1}}]},"43":{"type":"branch","line":161,"loc":{"start":{"line":161,"column":11},"end":{"line":161,"column":17}},"locations":[{"start":{"line":161,"column":11},"end":{"line":161,"column":17}}]},"44":{"type":"branch","line":162,"loc":{"start":{"line":162,"column":26},"end":{"line":164,"column":3}},"locations":[{"start":{"line":162,"column":26},"end":{"line":164,"column":3}}]},"45":{"type":"branch","line":163,"loc":{"start":{"line":163,"column":13},"end":{"line":163,"column":30}},"locations":[{"start":{"line":163,"column":13},"end":{"line":163,"column":30}}]}},"b":{"0":[21],"1":[6],"2":[15],"3":[24],"4":[23],"5":[1],"6":[13],"7":[0],"8":[13],"9":[13],"10":[13],"11":[0],"12":[0],"13":[3],"14":[1],"15":[1],"16":[1],"17":[0],"18":[6],"19":[0],"20":[0],"21":[0],"22":[6],"23":[0],"24":[8],"25":[1],"26":[6],"27":[6],"28":[2],"29":[4],"30":[1],"31":[3],"32":[3],"33":[2],"34":[2],"35":[1],"36":[1],"37":[1],"38":[1],"39":[0],"40":[1],"41":[2],"42":[2],"43":[0],"44":[2],"45":[1]},"fnMap":{"0":{"name":"normalizeSyncKeys","decl":{"start":{"line":12,"column":7},"end":{"line":15,"column":1}},"loc":{"start":{"line":12,"column":7},"end":{"line":15,"column":1}},"line":12},"1":{"name":"readSyncKeys","decl":{"start":{"line":17,"column":7},"end":{"line":28,"column":1}},"loc":{"start":{"line":17,"column":7},"end":{"line":28,"column":1}},"line":17},"2":{"name":"setupOffscreen","decl":{"start":{"line":30,"column":0},"end":{"line":37,"column":1}},"loc":{"start":{"line":30,"column":0},"end":{"line":37,"column":1}},"line":30},"3":{"name":"init","decl":{"start":{"line":39,"column":7},"end":{"line":44,"column":1}},"loc":{"start":{"line":39,"column":7},"end":{"line":44,"column":1}},"line":39},"4":{"name":"doInit","decl":{"start":{"line":46,"column":0},"end":{"line":89,"column":1}},"loc":{"start":{"line":46,"column":0},"end":{"line":89,"column":1}},"line":46},"5":{"name":"debouncePush","decl":{"start":{"line":91,"column":0},"end":{"line":108,"column":1}},"loc":{"start":{"line":91,"column":0},"end":{"line":108,"column":1}},"line":91},"6":{"name":"getAffectedKey","decl":{"start":{"line":110,"column":0},"end":{"line":118,"column":1}},"loc":{"start":{"line":110,"column":0},"end":{"line":118,"column":1}},"line":110},"7":{"name":"onBookmarkCreated","decl":{"start":{"line":120,"column":7},"end":{"line":125,"column":1}},"loc":{"start":{"line":120,"column":7},"end":{"line":125,"column":1}},"line":120},"8":{"name":"onBookmarkRemoved","decl":{"start":{"line":127,"column":7},"end":{"line":132,"column":1}},"loc":{"start":{"line":127,"column":7},"end":{"line":132,"column":1}},"line":127},"9":{"name":"onBookmarkChanged","decl":{"start":{"line":134,"column":7},"end":{"line":141,"column":1}},"loc":{"start":{"line":134,"column":7},"end":{"line":141,"column":1}},"line":134},"10":{"name":"onBookmarkMoved","decl":{"start":{"line":143,"column":7},"end":{"line":158,"column":1}},"loc":{"start":{"line":143,"column":7},"end":{"line":158,"column":1}},"line":143},"11":{"name":"onBookmarkChildrenReordered","decl":{"start":{"line":160,"column":7},"end":{"line":165,"column":1}},"loc":{"start":{"line":160,"column":7},"end":{"line":165,"column":1}},"line":160},"12":{"name":"forceSync","decl":{"start":{"line":167,"column":0},"end":{"line":186,"column":1}},"loc":{"start":{"line":167,"column":0},"end":{"line":186,"column":1}},"line":167},"13":{"name":"forceSyncAll","decl":{"start":{"line":188,"column":0},"end":{"line":194,"column":1}},"loc":{"start":{"line":188,"column":0},"end":{"line":194,"column":1}},"line":188}},"f":{"0":21,"1":0,"2":13,"3":13,"4":13,"5":6,"6":8,"7":4,"8":2,"9":0,"10":1,"11":2,"12":0,"13":0}}
,"C:\\Users\\giaco\\workspace\\enlasync\\src\\background\\supabase.js": {"path":"C:\\Users\\giaco\\workspace\\enlasync\\src\\background\\supabase.js","all":false,"statementMap":{"0":{"start":{"line":1,"column":0},"end":{"line":1,"column":130}},"1":{"start":{"line":2,"column":0},"end":{"line":2,"column":64}},"2":{"start":{"line":3,"column":0},"end":{"line":3,"column":0}},"3":{"start":{"line":4,"column":0},"end":{"line":4,"column":63}},"4":{"start":{"line":5,"column":0},"end":{"line":5,"column":236}},"5":{"start":{"line":6,"column":0},"end":{"line":6,"column":0}},"6":{"start":{"line":7,"column":0},"end":{"line":7,"column":40}},"7":{"start":{"line":8,"column":0},"end":{"line":8,"column":54}},"8":{"start":{"line":9,"column":0},"end":{"line":9,"column":1}},"9":{"start":{"line":10,"column":0},"end":{"line":10,"column":0}},"10":{"start":{"line":11,"column":0},"end":{"line":11,"column":67}},"11":{"start":{"line":12,"column":0},"end":{"line":12,"column":48}},"12":{"start":{"line":13,"column":0},"end":{"line":13,"column":66}},"13":{"start":{"line":14,"column":0},"end":{"line":14,"column":22}},"14":{"start":{"line":15,"column":0},"end":{"line":15,"column":20}},"15":{"start":{"line":16,"column":0},"end":{"line":16,"column":25}},"16":{"start":{"line":17,"column":0},"end":{"line":17,"column":4}},"17":{"start":{"line":18,"column":0},"end":{"line":18,"column":63}},"18":{"start":{"line":19,"column":0},"end":{"line":19,"column":1}},"19":{"start":{"line":20,"column":0},"end":{"line":20,"column":0}},"20":{"start":{"line":21,"column":0},"end":{"line":21,"column":52}},"21":{"start":{"line":22,"column":0},"end":{"line":22,"column":40}},"22":{"start":{"line":23,"column":0},"end":{"line":23,"column":27}},"23":{"start":{"line":24,"column":0},"end":{"line":24,"column":19}},"24":{"start":{"line":25,"column":0},"end":{"line":25,"column":28}},"25":{"start":{"line":26,"column":0},"end":{"line":26,"column":13}},"26":{"start":{"line":27,"column":0},"end":{"line":27,"column":14}},"27":{"start":{"line":28,"column":0},"end":{"line":28,"column":55}},"28":{"start":{"line":29,"column":0},"end":{"line":29,"column":15}},"29":{"start":{"line":30,"column":0},"end":{"line":30,"column":3}},"30":{"start":{"line":31,"column":0},"end":{"line":31,"column":32}},"31":{"start":{"line":32,"column":0},"end":{"line":32,"column":34}},"32":{"start":{"line":33,"column":0},"end":{"line":33,"column":1}},"33":{"start":{"line":34,"column":0},"end":{"line":34,"column":0}},"34":{"start":{"line":35,"column":0},"end":{"line":35,"column":50}},"35":{"start":{"line":36,"column":0},"end":{"line":36,"column":40}},"36":{"start":{"line":37,"column":0},"end":{"line":37,"column":1}},"37":{"start":{"line":38,"column":0},"end":{"line":38,"column":0}},"38":{"start":{"line":39,"column":0},"end":{"line":39,"column":78}},"39":{"start":{"line":40,"column":0},"end":{"line":40,"column":10}},"40":{"start":{"line":41,"column":0},"end":{"line":41,"column":38}},"41":{"start":{"line":42,"column":0},"end":{"line":42,"column":8}},"42":{"start":{"line":43,"column":0},"end":{"line":43,"column":25}},"43":{"start":{"line":44,"column":0},"end":{"line":44,"column":7}},"44":{"start":{"line":45,"column":0},"end":{"line":45,"column":19}},"45":{"start":{"line":46,"column":0},"end":{"line":46,"column":25}},"46":{"start":{"line":47,"column":0},"end":{"line":47,"column":32}},"47":{"start":{"line":48,"column":0},"end":{"line":48,"column":41}},"48":{"start":{"line":49,"column":0},"end":{"line":49,"column":8}},"49":{"start":{"line":50,"column":0},"end":{"line":50,"column":20}},"50":{"start":{"line":51,"column":0},"end":{"line":51,"column":51}},"51":{"start":{"line":52,"column":0},"end":{"line":52,"column":40}},"52":{"start":{"line":53,"column":0},"end":{"line":53,"column":9}},"53":{"start":{"line":54,"column":0},"end":{"line":54,"column":7}},"54":{"start":{"line":55,"column":0},"end":{"line":55,"column":5}},"55":{"start":{"line":56,"column":0},"end":{"line":56,"column":16}},"56":{"start":{"line":57,"column":0},"end":{"line":57,"column":1}}},"s":{"0":1,"1":1,"2":1,"3":1,"4":1,"5":1,"6":1,"7":1,"8":1,"9":1,"10":1,"11":2,"12":2,"13":2,"14":2,"15":2,"16":2,"17":2,"18":2,"19":1,"20":1,"21":4,"22":4,"23":4,"24":4,"25":4,"26":4,"27":1,"28":1,"29":1,"30":4,"31":4,"32":4,"33":1,"34":1,"35":1,"36":1,"37":1,"38":1,"39":2,"40":2,"41":2,"42":2,"43":2,"44":2,"45":2,"46":2,"47":2,"48":2,"49":2,"50":2,"51":1,"52":1,"53":2,"54":2,"55":2,"56":2},"branchMap":{"0":{"type":"branch","line":7,"loc":{"start":{"line":7,"column":7},"end":{"line":9,"column":1}},"locations":[{"start":{"line":7,"column":7},"end":{"line":9,"column":1}}]},"1":{"type":"branch","line":11,"loc":{"start":{"line":11,"column":7},"end":{"line":19,"column":1}},"locations":[{"start":{"line":11,"column":7},"end":{"line":19,"column":1}}]},"2":{"type":"branch","line":18,"loc":{"start":{"line":18,"column":13},"end":{"line":18,"column":63}},"locations":[{"start":{"line":18,"column":13},"end":{"line":18,"column":63}}]},"3":{"type":"branch","line":21,"loc":{"start":{"line":21,"column":7},"end":{"line":33,"column":1}},"locations":[{"start":{"line":21,"column":7},"end":{"line":33,"column":1}}]},"4":{"type":"branch","line":27,"loc":{"start":{"line":27,"column":13},"end":{"line":30,"column":3}},"locations":[{"start":{"line":27,"column":13},"end":{"line":30,"column":3}}]},"5":{"type":"branch","line":30,"loc":{"start":{"line":30,"column":2},"end":{"line":31,"column":18}},"locations":[{"start":{"line":30,"column":2},"end":{"line":31,"column":18}}]},"6":{"type":"branch","line":31,"loc":{"start":{"line":31,"column":18},"end":{"line":31,"column":24}},"locations":[{"start":{"line":31,"column":18},"end":{"line":31,"column":24}}]},"7":{"type":"branch","line":31,"loc":{"start":{"line":31,"column":25},"end":{"line":31,"column":32}},"locations":[{"start":{"line":31,"column":25},"end":{"line":31,"column":32}}]},"8":{"type":"branch","line":35,"loc":{"start":{"line":35,"column":7},"end":{"line":37,"column":1}},"locations":[{"start":{"line":35,"column":7},"end":{"line":37,"column":1}}]},"9":{"type":"branch","line":39,"loc":{"start":{"line":39,"column":7},"end":{"line":57,"column":1}},"locations":[{"start":{"line":39,"column":7},"end":{"line":57,"column":1}}]},"10":{"type":"branch","line":50,"loc":{"start":{"line":50,"column":6},"end":{"line":54,"column":7}},"locations":[{"start":{"line":50,"column":6},"end":{"line":54,"column":7}}]},"11":{"type":"branch","line":51,"loc":{"start":{"line":51,"column":50},"end":{"line":53,"column":9}},"locations":[{"start":{"line":51,"column":50},"end":{"line":53,"column":9}}]}},"b":{"0":[1],"1":[2],"2":[1],"3":[4],"4":[1],"5":[3],"6":[2],"7":[1],"8":[1],"9":[2],"10":[2],"11":[1]},"fnMap":{"0":{"name":"createSupabaseClient","decl":{"start":{"line":7,"column":7},"end":{"line":9,"column":1}},"loc":{"start":{"line":7,"column":7},"end":{"line":9,"column":1}},"line":7},"1":{"name":"pushTree","decl":{"start":{"line":11,"column":7},"end":{"line":19,"column":1}},"loc":{"start":{"line":11,"column":7},"end":{"line":19,"column":1}},"line":11},"2":{"name":"fetchTree","decl":{"start":{"line":21,"column":7},"end":{"line":33,"column":1}},"loc":{"start":{"line":21,"column":7},"end":{"line":33,"column":1}},"line":21},"3":{"name":"removeChannel","decl":{"start":{"line":35,"column":7},"end":{"line":37,"column":1}},"loc":{"start":{"line":35,"column":7},"end":{"line":37,"column":1}},"line":35},"4":{"name":"subscribeToRemote","decl":{"start":{"line":39,"column":7},"end":{"line":57,"column":1}},"loc":{"start":{"line":39,"column":7},"end":{"line":57,"column":1}},"line":39}},"f":{"0":1,"1":2,"2":4,"3":1,"4":2}}
,"C:\\Users\\giaco\\workspace\\enlasync\\src\\components\\HelloWorld.jsx": {"path":"C:\\Users\\giaco\\workspace\\enlasync\\src\\components\\HelloWorld.jsx","all":true,"statementMap":{"0":{"start":{"line":1,"column":0},"end":{"line":1,"column":32}},"2":{"start":{"line":3,"column":0},"end":{"line":3,"column":43}},"3":{"start":{"line":4,"column":0},"end":{"line":4,"column":39}},"5":{"start":{"line":6,"column":0},"end":{"line":6,"column":10}},"6":{"start":{"line":7,"column":0},"end":{"line":7,"column":6}},"7":{"start":{"line":8,"column":0},"end":{"line":8,"column":26}},"9":{"start":{"line":10,"column":0},"end":{"line":10,"column":28}},"10":{"start":{"line":11,"column":0},"end":{"line":11,"column":66}},"12":{"start":{"line":13,"column":0},"end":{"line":13,"column":15}},"13":{"start":{"line":14,"column":0},"end":{"line":14,"column":17}},"14":{"start":{"line":15,"column":0},"end":{"line":15,"column":17}},"15":{"start":{"line":16,"column":0},"end":{"line":16,"column":11}},"17":{"start":{"line":18,"column":0},"end":{"line":18,"column":52}},"18":{"start":{"line":19,"column":0},"end":{"line":19,"column":15}},"20":{"start":{"line":21,"column":0},"end":{"line":21,"column":12}},"21":{"start":{"line":22,"column":0},"end":{"line":22,"column":12}},"23":{"start":{"line":24,"column":0},"end":{"line":24,"column":9}},"25":{"start":{"line":26,"column":0},"end":{"line":26,"column":105}},"27":{"start":{"line":28,"column":0},"end":{"line":28,"column":10}},"29":{"start":{"line":30,"column":0},"end":{"line":30,"column":35}},"31":{"start":{"line":32,"column":0},"end":{"line":32,"column":10}},"32":{"start":{"line":33,"column":0},"end":{"line":33,"column":7}},"34":{"start":{"line":35,"column":0},"end":{"line":35,"column":1}}},"s":{"0":0,"2":0,"3":0,"5":0,"6":0,"7":0,"9":0,"10":0,"12":0,"13":0,"14":0,"15":0,"17":0,"18":0,"20":0,"21":0,"23":0,"25":0,"27":0,"29":0,"31":0,"32":0,"34":0},"branchMap":{"0":{"type":"branch","line":1,"loc":{"start":{"line":1,"column":811},"end":{"line":35,"column":1}},"locations":[{"start":{"line":1,"column":811},"end":{"line":35,"column":1}}]}},"b":{"0":[0]},"fnMap":{"0":{"name":"(empty-report)","decl":{"start":{"line":1,"column":811},"end":{"line":35,"column":1}},"loc":{"start":{"line":1,"column":811},"end":{"line":35,"column":1}},"line":1}},"f":{"0":0}}
,"C:\\Users\\giaco\\workspace\\enlasync\\src\\content\\main.jsx": {"path":"C:\\Users\\giaco\\workspace\\enlasync\\src\\content\\main.jsx","all":true,"statementMap":{"0":{"start":{"line":1,"column":0},"end":{"line":1,"column":34}},"1":{"start":{"line":2,"column":0},"end":{"line":2,"column":45}},"2":{"start":{"line":3,"column":0},"end":{"line":3,"column":33}},"4":{"start":{"line":5,"column":0},"end":{"line":5,"column":55}},"6":{"start":{"line":7,"column":0},"end":{"line":7,"column":47}},"7":{"start":{"line":8,"column":0},"end":{"line":8,"column":26}},"8":{"start":{"line":9,"column":0},"end":{"line":9,"column":36}},"9":{"start":{"line":10,"column":0},"end":{"line":10,"column":29}},"10":{"start":{"line":11,"column":0},"end":{"line":11,"column":14}},"11":{"start":{"line":12,"column":0},"end":{"line":12,"column":11}},"12":{"start":{"line":13,"column":0},"end":{"line":13,"column":16}},"13":{"start":{"line":14,"column":0},"end":{"line":14,"column":1}}},"s":{"0":0,"1":0,"2":0,"4":0,"6":0,"7":0,"8":0,"9":0,"10":0,"11":0,"12":0,"13":0},"branchMap":{"0":{"type":"branch","line":1,"loc":{"start":{"line":1,"column":0},"end":{"line":14,"column":-198}},"locations":[{"start":{"line":1,"column":0},"end":{"line":14,"column":-198}}]}},"b":{"0":[0]},"fnMap":{"0":{"name":"(empty-report)","decl":{"start":{"line":1,"column":0},"end":{"line":14,"column":-198}},"loc":{"start":{"line":1,"column":0},"end":{"line":14,"column":-198}},"line":1}},"f":{"0":0}}
,"C:\\Users\\giaco\\workspace\\enlasync\\src\\content\\views\\App.jsx": {"path":"C:\\Users\\giaco\\workspace\\enlasync\\src\\content\\views\\App.jsx","all":true,"statementMap":{"0":{"start":{"line":1,"column":0},"end":{"line":1,"column":35}},"1":{"start":{"line":2,"column":0},"end":{"line":2,"column":32}},"2":{"start":{"line":3,"column":0},"end":{"line":3,"column":18}},"4":{"start":{"line":5,"column":0},"end":{"line":5,"column":16}},"5":{"start":{"line":6,"column":0},"end":{"line":6,"column":41}},"6":{"start":{"line":7,"column":0},"end":{"line":7,"column":37}},"8":{"start":{"line":9,"column":0},"end":{"line":9,"column":10}},"9":{"start":{"line":10,"column":0},"end":{"line":10,"column":37}},"10":{"start":{"line":11,"column":0},"end":{"line":11,"column":16}},"11":{"start":{"line":12,"column":0},"end":{"line":12,"column":79}},"12":{"start":{"line":13,"column":0},"end":{"line":13,"column":30}},"13":{"start":{"line":14,"column":0},"end":{"line":14,"column":14}},"15":{"start":{"line":16,"column":0},"end":{"line":16,"column":57}},"16":{"start":{"line":17,"column":0},"end":{"line":17,"column":67}},"17":{"start":{"line":18,"column":0},"end":{"line":18,"column":15}},"18":{"start":{"line":19,"column":0},"end":{"line":19,"column":10}},"20":{"start":{"line":21,"column":0},"end":{"line":21,"column":1}},"22":{"start":{"line":23,"column":0},"end":{"line":23,"column":18}}},"s":{"0":0,"1":0,"2":0,"4":0,"5":0,"6":0,"8":0,"9":0,"10":0,"11":0,"12":0,"13":0,"15":0,"16":0,"17":0,"18":0,"20":0,"22":0},"branchMap":{"0":{"type":"branch","line":1,"loc":{"start":{"line":1,"column":588},"end":{"line":23,"column":18}},"locations":[{"start":{"line":1,"column":588},"end":{"line":23,"column":18}}]}},"b":{"0":[0]},"fnMap":{"0":{"name":"(empty-report)","decl":{"start":{"line":1,"column":588},"end":{"line":23,"column":18}},"loc":{"start":{"line":1,"column":588},"end":{"line":23,"column":18}},"line":1}},"f":{"0":0}}
,"C:\\Users\\giaco\\workspace\\enlasync\\src\\offscreen\\offscreen.js": {"path":"C:\\Users\\giaco\\workspace\\enlasync\\src\\offscreen\\offscreen.js","all":false,"statementMap":{"0":{"start":{"line":1,"column":0},"end":{"line":1,"column":66}},"1":{"start":{"line":2,"column":0},"end":{"line":2,"column":55}},"3":{"start":{"line":4,"column":0},"end":{"line":4,"column":19}},"4":{"start":{"line":5,"column":0},"end":{"line":5,"column":47}},"5":{"start":{"line":6,"column":0},"end":{"line":6,"column":26}},"7":{"start":{"line":8,"column":0},"end":{"line":8,"column":44}},"8":{"start":{"line":9,"column":0},"end":{"line":9,"column":35}},"10":{"start":{"line":11,"column":0},"end":{"line":11,"column":26}},"11":{"start":{"line":12,"column":0},"end":{"line":12,"column":41}},"12":{"start":{"line":13,"column":0},"end":{"line":13,"column":8}},"13":{"start":{"line":14,"column":0},"end":{"line":14,"column":25}},"14":{"start":{"line":15,"column":0},"end":{"line":15,"column":7}},"15":{"start":{"line":16,"column":0},"end":{"line":16,"column":19}},"16":{"start":{"line":17,"column":0},"end":{"line":17,"column":25}},"17":{"start":{"line":18,"column":0},"end":{"line":18,"column":32}},"18":{"start":{"line":19,"column":0},"end":{"line":19,"column":41}},"19":{"start":{"line":20,"column":0},"end":{"line":20,"column":8}},"20":{"start":{"line":21,"column":0},"end":{"line":21,"column":26}},"21":{"start":{"line":22,"column":0},"end":{"line":22,"column":51}},"22":{"start":{"line":23,"column":0},"end":{"line":23,"column":15}},"23":{"start":{"line":24,"column":0},"end":{"line":24,"column":74}},"24":{"start":{"line":25,"column":0},"end":{"line":25,"column":91}},"25":{"start":{"line":26,"column":0},"end":{"line":26,"column":25}},"26":{"start":{"line":27,"column":0},"end":{"line":27,"column":69}},"27":{"start":{"line":28,"column":0},"end":{"line":28,"column":11}},"28":{"start":{"line":29,"column":0},"end":{"line":29,"column":9}},"29":{"start":{"line":30,"column":0},"end":{"line":30,"column":7}},"30":{"start":{"line":31,"column":0},"end":{"line":31,"column":5}},"31":{"start":{"line":32,"column":0},"end":{"line":32,"column":28}},"32":{"start":{"line":33,"column":0},"end":{"line":33,"column":81}},"33":{"start":{"line":34,"column":0},"end":{"line":34,"column":6}},"35":{"start":{"line":36,"column":0},"end":{"line":36,"column":36}},"36":{"start":{"line":37,"column":0},"end":{"line":37,"column":1}},"38":{"start":{"line":39,"column":0},"end":{"line":39,"column":38}},"39":{"start":{"line":40,"column":0},"end":{"line":40,"column":37}},"40":{"start":{"line":41,"column":0},"end":{"line":41,"column":20}},"41":{"start":{"line":42,"column":0},"end":{"line":42,"column":39}},"42":{"start":{"line":43,"column":0},"end":{"line":43,"column":26}},"43":{"start":{"line":44,"column":0},"end":{"line":44,"column":1}},"45":{"start":{"line":46,"column":0},"end":{"line":46,"column":36}},"46":{"start":{"line":47,"column":0},"end":{"line":47,"column":47}},"48":{"start":{"line":49,"column":0},"end":{"line":49,"column":48}},"49":{"start":{"line":50,"column":0},"end":{"line":50,"column":38}},"50":{"start":{"line":51,"column":0},"end":{"line":51,"column":34}},"51":{"start":{"line":52,"column":0},"end":{"line":52,"column":29}},"52":{"start":{"line":53,"column":0},"end":{"line":53,"column":5}},"53":{"start":{"line":54,"column":0},"end":{"line":54,"column":3}},"55":{"start":{"line":56,"column":0},"end":{"line":56,"column":26}},"56":{"start":{"line":57,"column":0},"end":{"line":57,"column":31}},"57":{"start":{"line":58,"column":0},"end":{"line":58,"column":33}},"58":{"start":{"line":59,"column":0},"end":{"line":59,"column":3}},"59":{"start":{"line":60,"column":0},"end":{"line":60,"column":1}},"61":{"start":{"line":62,"column":0},"end":{"line":62,"column":51}},"62":{"start":{"line":63,"column":0},"end":{"line":63,"column":44}},"63":{"start":{"line":64,"column":0},"end":{"line":64,"column":45}},"64":{"start":{"line":65,"column":0},"end":{"line":65,"column":3}},"65":{"start":{"line":66,"column":0},"end":{"line":66,"column":2}},"67":{"start":{"line":68,"column":0},"end":{"line":68,"column":42}},"68":{"start":{"line":69,"column":0},"end":{"line":69,"column":55}}},"s":{"0":1,"1":1,"3":1,"4":1,"5":1,"7":3,"8":3,"10":3,"11":3,"12":3,"13":3,"14":3,"15":3,"16":3,"17":3,"18":3,"19":3,"20":3,"21":3,"22":3,"23":3,"24":2,"25":3,"26":1,"27":1,"28":3,"29":3,"30":3,"31":3,"32":0,"33":3,"35":3,"36":3,"38":0,"39":0,"40":0,"41":0,"42":0,"43":0,"45":3,"46":3,"48":3,"49":3,"50":0,"51":0,"52":0,"53":0,"55":3,"56":3,"57":3,"58":3,"59":3,"61":1,"62":3,"63":3,"64":3,"65":3,"67":1,"68":1},"branchMap":{"0":{"type":"branch","line":8,"loc":{"start":{"line":8,"column":0},"end":{"line":37,"column":1}},"locations":[{"start":{"line":8,"column":0},"end":{"line":37,"column":1}}]},"1":{"type":"branch","line":9,"loc":{"start":{"line":9,"column":29},"end":{"line":9,"column":35}},"locations":[{"start":{"line":9,"column":29},"end":{"line":9,"column":35}}]},"2":{"type":"branch","line":21,"loc":{"start":{"line":21,"column":6},"end":{"line":30,"column":7}},"locations":[{"start":{"line":21,"column":6},"end":{"line":30,"column":7}}]},"3":{"type":"branch","line":24,"loc":{"start":{"line":24,"column":73},"end":{"line":26,"column":12}},"locations":[{"start":{"line":24,"column":73},"end":{"line":26,"column":12}}]},"4":{"type":"branch","line":26,"loc":{"start":{"line":26,"column":12},"end":{"line":28,"column":11}},"locations":[{"start":{"line":26,"column":12},"end":{"line":28,"column":11}}]},"5":{"type":"branch","line":46,"loc":{"start":{"line":46,"column":0},"end":{"line":60,"column":1}},"locations":[{"start":{"line":46,"column":0},"end":{"line":60,"column":1}}]},"6":{"type":"branch","line":50,"loc":{"start":{"line":50,"column":37},"end":{"line":54,"column":3}},"locations":[{"start":{"line":50,"column":37},"end":{"line":54,"column":3}}]},"7":{"type":"branch","line":62,"loc":{"start":{"line":62,"column":37},"end":{"line":66,"column":2}},"locations":[{"start":{"line":62,"column":37},"end":{"line":66,"column":2}}]}},"b":{"0":[3],"1":[0],"2":[3],"3":[2],"4":[1],"5":[3],"6":[0],"7":[3]},"fnMap":{"0":{"name":"subscribeToKey","decl":{"start":{"line":8,"column":0},"end":{"line":37,"column":1}},"loc":{"start":{"line":8,"column":0},"end":{"line":37,"column":1}},"line":8},"1":{"name":"unsubscribeFromKey","decl":{"start":{"line":39,"column":0},"end":{"line":44,"column":1}},"loc":{"start":{"line":39,"column":0},"end":{"line":44,"column":1}},"line":39},"2":{"name":"setup","decl":{"start":{"line":46,"column":0},"end":{"line":60,"column":1}},"loc":{"start":{"line":46,"column":0},"end":{"line":60,"column":1}},"line":46}},"f":{"0":3,"1":0,"2":3}}
,"C:\\Users\\giaco\\workspace\\enlasync\\src\\popup\\App.jsx": {"path":"C:\\Users\\giaco\\workspace\\enlasync\\src\\popup\\App.jsx","all":false,"statementMap":{"0":{"start":{"line":1,"column":0},"end":{"line":1,"column":50}},"1":{"start":{"line":2,"column":0},"end":{"line":2,"column":18}},"3":{"start":{"line":4,"column":0},"end":{"line":4,"column":42}},"4":{"start":{"line":5,"column":0},"end":{"line":5,"column":78}},"5":{"start":{"line":6,"column":0},"end":{"line":6,"column":73}},"6":{"start":{"line":7,"column":0},"end":{"line":7,"column":47}},"7":{"start":{"line":8,"column":0},"end":{"line":8,"column":25}},"8":{"start":{"line":9,"column":0},"end":{"line":9,"column":1}},"10":{"start":{"line":11,"column":0},"end":{"line":11,"column":31}},"11":{"start":{"line":12,"column":0},"end":{"line":12,"column":46}},"12":{"start":{"line":13,"column":0},"end":{"line":13,"column":42}},"13":{"start":{"line":14,"column":0},"end":{"line":14,"column":59}},"14":{"start":{"line":15,"column":0},"end":{"line":15,"column":45}},"16":{"start":{"line":17,"column":0},"end":{"line":17,"column":19}},"17":{"start":{"line":18,"column":0},"end":{"line":18,"column":74}},"18":{"start":{"line":19,"column":0},"end":{"line":19,"column":64}},"19":{"start":{"line":20,"column":0},"end":{"line":20,"column":37}},"20":{"start":{"line":21,"column":0},"end":{"line":21,"column":35}},"21":{"start":{"line":22,"column":0},"end":{"line":22,"column":38}},"22":{"start":{"line":23,"column":0},"end":{"line":23,"column":7}},"23":{"start":{"line":24,"column":0},"end":{"line":24,"column":21}},"24":{"start":{"line":25,"column":0},"end":{"line":25,"column":6}},"25":{"start":{"line":26,"column":0},"end":{"line":26,"column":8}},"27":{"start":{"line":28,"column":0},"end":{"line":28,"column":27}},"28":{"start":{"line":29,"column":0},"end":{"line":29,"column":33}},"29":{"start":{"line":30,"column":0},"end":{"line":30,"column":54}},"30":{"start":{"line":31,"column":0},"end":{"line":31,"column":42}},"31":{"start":{"line":32,"column":0},"end":{"line":32,"column":24}},"32":{"start":{"line":33,"column":0},"end":{"line":33,"column":17}},"33":{"start":{"line":34,"column":0},"end":{"line":34,"column":3}},"35":{"start":{"line":36,"column":0},"end":{"line":36,"column":33}},"36":{"start":{"line":37,"column":0},"end":{"line":37,"column":53}},"37":{"start":{"line":38,"column":0},"end":{"line":38,"column":24}},"38":{"start":{"line":39,"column":0},"end":{"line":39,"column":3}},"40":{"start":{"line":41,"column":0},"end":{"line":41,"column":49}},"42":{"start":{"line":43,"column":0},"end":{"line":43,"column":42}},"43":{"start":{"line":44,"column":0},"end":{"line":44,"column":36}},"44":{"start":{"line":45,"column":0},"end":{"line":45,"column":52}},"45":{"start":{"line":46,"column":0},"end":{"line":46,"column":9}},"46":{"start":{"line":47,"column":0},"end":{"line":47,"column":76}},"47":{"start":{"line":48,"column":0},"end":{"line":48,"column":13}},"48":{"start":{"line":49,"column":0},"end":{"line":49,"column":76}},"49":{"start":{"line":50,"column":0},"end":{"line":50,"column":5}},"50":{"start":{"line":51,"column":0},"end":{"line":51,"column":30}},"51":{"start":{"line":52,"column":0},"end":{"line":52,"column":32}},"52":{"start":{"line":53,"column":0},"end":{"line":53,"column":22}},"53":{"start":{"line":54,"column":0},"end":{"line":54,"column":17}},"54":{"start":{"line":55,"column":0},"end":{"line":55,"column":6}},"55":{"start":{"line":56,"column":0},"end":{"line":56,"column":3}},"57":{"start":{"line":58,"column":0},"end":{"line":58,"column":42}},"58":{"start":{"line":59,"column":0},"end":{"line":59,"column":36}},"59":{"start":{"line":60,"column":0},"end":{"line":60,"column":43}},"60":{"start":{"line":61,"column":0},"end":{"line":61,"column":54}},"61":{"start":{"line":62,"column":0},"end":{"line":62,"column":16}},"62":{"start":{"line":63,"column":0},"end":{"line":63,"column":6}},"63":{"start":{"line":64,"column":0},"end":{"line":64,"column":9}},"64":{"start":{"line":65,"column":0},"end":{"line":65,"column":62}},"65":{"start":{"line":66,"column":0},"end":{"line":66,"column":13}},"66":{"start":{"line":67,"column":0},"end":{"line":67,"column":62}},"67":{"start":{"line":68,"column":0},"end":{"line":68,"column":5}},"68":{"start":{"line":69,"column":0},"end":{"line":69,"column":29}},"69":{"start":{"line":70,"column":0},"end":{"line":70,"column":3}},"71":{"start":{"line":72,"column":0},"end":{"line":72,"column":26}},"73":{"start":{"line":74,"column":0},"end":{"line":74,"column":10}},"74":{"start":{"line":75,"column":0},"end":{"line":75,"column":27}},"75":{"start":{"line":76,"column":0},"end":{"line":76,"column":23}},"77":{"start":{"line":78,"column":0},"end":{"line":78,"column":32}},"78":{"start":{"line":79,"column":0},"end":{"line":79,"column":35}},"79":{"start":{"line":80,"column":0},"end":{"line":80,"column":63}},"81":{"start":{"line":82,"column":0},"end":{"line":82,"column":32}},"82":{"start":{"line":83,"column":0},"end":{"line":83,"column":46}},"83":{"start":{"line":84,"column":0},"end":{"line":84,"column":63}},"84":{"start":{"line":85,"column":0},"end":{"line":85,"column":19}},"85":{"start":{"line":86,"column":0},"end":{"line":86,"column":34}},"86":{"start":{"line":87,"column":0},"end":{"line":87,"column":50}},"87":{"start":{"line":88,"column":0},"end":{"line":88,"column":45}},"88":{"start":{"line":89,"column":0},"end":{"line":89,"column":30}},"90":{"start":{"line":91,"column":0},"end":{"line":91,"column":48}},"91":{"start":{"line":92,"column":0},"end":{"line":92,"column":21}},"92":{"start":{"line":93,"column":0},"end":{"line":93,"column":19}},"93":{"start":{"line":94,"column":0},"end":{"line":94,"column":45}},"94":{"start":{"line":95,"column":0},"end":{"line":95,"column":47}},"95":{"start":{"line":96,"column":0},"end":{"line":96,"column":28}},"96":{"start":{"line":97,"column":0},"end":{"line":97,"column":13}},"98":{"start":{"line":99,"column":0},"end":{"line":99,"column":21}},"99":{"start":{"line":100,"column":0},"end":{"line":100,"column":16}},"100":{"start":{"line":101,"column":0},"end":{"line":101,"column":11}},"101":{"start":{"line":102,"column":0},"end":{"line":102,"column":12}},"103":{"start":{"line":104,"column":0},"end":{"line":104,"column":31}},"104":{"start":{"line":105,"column":0},"end":{"line":105,"column":14}},"105":{"start":{"line":106,"column":0},"end":{"line":106,"column":21}},"106":{"start":{"line":107,"column":0},"end":{"line":107,"column":24}},"107":{"start":{"line":108,"column":0},"end":{"line":108,"column":53}},"108":{"start":{"line":109,"column":0},"end":{"line":109,"column":61}},"109":{"start":{"line":110,"column":0},"end":{"line":110,"column":38}},"110":{"start":{"line":111,"column":0},"end":{"line":111,"column":10}},"111":{"start":{"line":112,"column":0},"end":{"line":112,"column":98}},"113":{"start":{"line":114,"column":0},"end":{"line":114,"column":17}},"114":{"start":{"line":115,"column":0},"end":{"line":115,"column":12}},"116":{"start":{"line":117,"column":0},"end":{"line":117,"column":56}},"118":{"start":{"line":119,"column":0},"end":{"line":119,"column":15}},"120":{"start":{"line":121,"column":0},"end":{"line":121,"column":31}},"121":{"start":{"line":122,"column":0},"end":{"line":122,"column":15}},"122":{"start":{"line":123,"column":0},"end":{"line":123,"column":32}},"123":{"start":{"line":124,"column":0},"end":{"line":124,"column":38}},"124":{"start":{"line":125,"column":0},"end":{"line":125,"column":41}},"125":{"start":{"line":126,"column":0},"end":{"line":126,"column":9}},"127":{"start":{"line":128,"column":0},"end":{"line":128,"column":17}},"129":{"start":{"line":130,"column":0},"end":{"line":130,"column":10}},"131":{"start":{"line":132,"column":0},"end":{"line":132,"column":1}}},"s":{"0":1,"1":1,"3":4,"4":4,"5":4,"6":4,"7":4,"8":4,"10":0,"11":0,"12":0,"13":0,"14":0,"16":0,"17":0,"18":0,"19":0,"20":0,"21":0,"22":0,"23":0,"24":0,"25":0,"27":0,"28":0,"29":0,"30":0,"31":0,"32":0,"33":0,"35":0,"36":0,"37":0,"38":0,"40":0,"42":0,"43":0,"44":0,"45":0,"46":0,"47":0,"48":0,"49":0,"50":0,"51":0,"52":0,"53":0,"54":0,"55":0,"57":0,"58":0,"59":0,"60":0,"61":0,"62":0,"63":0,"64":0,"65":0,"66":0,"67":0,"68":0,"69":0,"71":0,"73":0,"74":0,"75":0,"77":0,"78":0,"79":0,"81":0,"82":0,"83":0,"84":0,"85":0,"86":0,"87":0,"88":0,"90":0,"91":0,"92":0,"93":0,"94":0,"95":0,"96":0,"98":0,"99":0,"100":0,"101":0,"103":0,"104":0,"105":0,"106":0,"107":0,"108":0,"109":0,"110":0,"111":0,"113":0,"114":0,"116":0,"118":0,"120":0,"121":0,"122":0,"123":0,"124":0,"125":0,"127":0,"129":0,"131":0},"branchMap":{"0":{"type":"branch","line":4,"loc":{"start":{"line":4,"column":0},"end":{"line":9,"column":1}},"locations":[{"start":{"line":4,"column":0},"end":{"line":9,"column":1}}]},"1":{"type":"branch","line":5,"loc":{"start":{"line":5,"column":46},"end":{"line":5,"column":61}},"locations":[{"start":{"line":5,"column":46},"end":{"line":5,"column":61}}]}},"b":{"0":[4],"1":[10]},"fnMap":{"0":{"name":"saveSyncKeys","decl":{"start":{"line":4,"column":0},"end":{"line":9,"column":1}},"loc":{"start":{"line":4,"column":0},"end":{"line":9,"column":1}},"line":4},"1":{"name":"App","decl":{"start":{"line":11,"column":0},"end":{"line":132,"column":1}},"loc":{"start":{"line":11,"column":0},"end":{"line":132,"column":1}},"line":11}},"f":{"0":4,"1":0}}
,"C:\\Users\\giaco\\workspace\\enlasync\\src\\popup\\main.jsx": {"path":"C:\\Users\\giaco\\workspace\\enlasync\\src\\popup\\main.jsx","all":true,"statementMap":{"0":{"start":{"line":1,"column":0},"end":{"line":1,"column":34}},"1":{"start":{"line":2,"column":0},"end":{"line":2,"column":45}},"2":{"start":{"line":3,"column":0},"end":{"line":3,"column":27}},"3":{"start":{"line":4,"column":0},"end":{"line":4,"column":20}},"5":{"start":{"line":6,"column":0},"end":{"line":6,"column":51}},"6":{"start":{"line":7,"column":0},"end":{"line":7,"column":14}},"7":{"start":{"line":8,"column":0},"end":{"line":8,"column":11}},"8":{"start":{"line":9,"column":0},"end":{"line":9,"column":16}},"9":{"start":{"line":10,"column":0},"end":{"line":10,"column":1}}},"s":{"0":0,"1":0,"2":0,"3":0,"5":0,"6":0,"7":0,"8":0,"9":0},"branchMap":{"0":{"type":"branch","line":1,"loc":{"start":{"line":1,"column":0},"end":{"line":10,"column":-126}},"locations":[{"start":{"line":1,"column":0},"end":{"line":10,"column":-126}}]}},"b":{"0":[0]},"fnMap":{"0":{"name":"(empty-report)","decl":{"start":{"line":1,"column":0},"end":{"line":10,"column":-126}},"loc":{"start":{"line":1,"column":0},"end":{"line":10,"column":-126}},"line":1}},"f":{"0":0}}
,"C:\\Users\\giaco\\workspace\\enlasync\\src\\sidepanel\\App.jsx": {"path":"C:\\Users\\giaco\\workspace\\enlasync\\src\\sidepanel\\App.jsx","all":true,"statementMap":{"0":{"start":{"line":1,"column":0},"end":{"line":1,"column":38}},"1":{"start":{"line":2,"column":0},"end":{"line":2,"column":42}},"2":{"start":{"line":3,"column":0},"end":{"line":3,"column":40}},"3":{"start":{"line":4,"column":0},"end":{"line":4,"column":48}},"4":{"start":{"line":5,"column":0},"end":{"line":5,"column":18}},"6":{"start":{"line":7,"column":0},"end":{"line":7,"column":31}},"7":{"start":{"line":8,"column":0},"end":{"line":8,"column":10}},"8":{"start":{"line":9,"column":0},"end":{"line":9,"column":9}},"9":{"start":{"line":10,"column":0},"end":{"line":10,"column":66}},"10":{"start":{"line":11,"column":0},"end":{"line":11,"column":63}},"11":{"start":{"line":12,"column":0},"end":{"line":12,"column":10}},"12":{"start":{"line":13,"column":0},"end":{"line":13,"column":70}},"13":{"start":{"line":14,"column":0},"end":{"line":14,"column":71}},"14":{"start":{"line":15,"column":0},"end":{"line":15,"column":10}},"15":{"start":{"line":16,"column":0},"end":{"line":16,"column":79}},"16":{"start":{"line":17,"column":0},"end":{"line":17,"column":65}},"17":{"start":{"line":18,"column":0},"end":{"line":18,"column":10}},"18":{"start":{"line":19,"column":0},"end":{"line":19,"column":47}},"19":{"start":{"line":20,"column":0},"end":{"line":20,"column":10}},"21":{"start":{"line":22,"column":0},"end":{"line":22,"column":1}}},"s":{"0":0,"1":0,"2":0,"3":0,"4":0,"6":0,"7":0,"8":0,"9":0,"10":0,"11":0,"12":0,"13":0,"14":0,"15":0,"16":0,"17":0,"18":0,"19":0,"21":0},"branchMap":{"0":{"type":"branch","line":1,"loc":{"start":{"line":1,"column":783},"end":{"line":22,"column":1}},"locations":[{"start":{"line":1,"column":783},"end":{"line":22,"column":1}}]}},"b":{"0":[0]},"fnMap":{"0":{"name":"(empty-report)","decl":{"start":{"line":1,"column":783},"end":{"line":22,"column":1}},"loc":{"start":{"line":1,"column":783},"end":{"line":22,"column":1}},"line":1}},"f":{"0":0}}
,"C:\\Users\\giaco\\workspace\\enlasync\\src\\sidepanel\\main.jsx": {"path":"C:\\Users\\giaco\\workspace\\enlasync\\src\\sidepanel\\main.jsx","all":true,"statementMap":{"0":{"start":{"line":1,"column":0},"end":{"line":1,"column":34}},"1":{"start":{"line":2,"column":0},"end":{"line":2,"column":45}},"2":{"start":{"line":3,"column":0},"end":{"line":3,"column":27}},"3":{"start":{"line":4,"column":0},"end":{"line":4,"column":20}},"5":{"start":{"line":6,"column":0},"end":{"line":6,"column":51}},"6":{"start":{"line":7,"column":0},"end":{"line":7,"column":14}},"7":{"start":{"line":8,"column":0},"end":{"line":8,"column":11}},"8":{"start":{"line":9,"column":0},"end":{"line":9,"column":16}},"9":{"start":{"line":10,"column":0},"end":{"line":10,"column":1}}},"s":{"0":0,"1":0,"2":0,"3":0,"5":0,"6":0,"7":0,"8":0,"9":0},"branchMap":{"0":{"type":"branch","line":1,"loc":{"start":{"line":1,"column":0},"end":{"line":10,"column":-126}},"locations":[{"start":{"line":1,"column":0},"end":{"line":10,"column":-126}}]}},"b":{"0":[0]},"fnMap":{"0":{"name":"(empty-report)","decl":{"start":{"line":1,"column":0},"end":{"line":10,"column":-126}},"loc":{"start":{"line":1,"column":0},"end":{"line":10,"column":-126}},"line":1}},"f":{"0":0}}
}
